#
# A fatal error has been detected by the Java Runtime Environment:
#
#  SIGSEGV (0xb) at pc=0x0000000123c313fd, pid=24829, tid=2571
#
# JRE version: Java(TM) SE Runtime Environment (8.0_31-b13) (build 1.8.0_31-b13)
# Java VM: Java HotSpot(TM) 64-Bit Server VM (25.31-b07 mixed mode bsd-amd64 compressed oops)
# Problematic frame:
# C  [libglass.dylib+0x163fd]  GlassScreenDidChangeScreenParameters+0x9d
#
# Failed to write core dump. Core dumps have been disabled. To enable core dumping, try "ulimit -c unlimited" before starting Java again
#
# If you would like to submit a bug report, please visit:
#   http://bugreport.java.com/bugreport/crash.jsp
#

---------------  T H R E A D  ---------------

Current thread is native thread

siginfo: si_signo: 11 (SIGSEGV), si_code: 1 (SEGV_MAPERR), si_addr: 0x0000000000000000

Registers:
RAX=0x0000000123c63e40, RBX=0x0000000000000000, RCX=0x0000000000000103, RDX=0x00007fdbd20b76b0
RSP=0x00007fff5b8b2bf0, RBP=0x00007fff5b8b2c00, RSI=0x00007fdbd2001738, RDI=0x0000000000000000
R8 =0x0000000000000040, R9 =0x00007fff7b9031e0, R10=0xffffffffffffffff, R11=0x0000000000000246
R12=0x00007fdbd9265560, R13=0x00007fdbd046e450, R14=0x00007fdbd046e490, R15=0x0000000000000000
RIP=0x0000000123c313fd, EFLAGS=0x0000000000010202, ERR=0x0000000000000004
  TRAPNO=0x000000000000000e

Top of Stack: (sp=0x00007fff5b8b2bf0)
0x00007fff5b8b2bf0:   00007fff5b8b2c48 00007fdbd046e490
0x00007fff5b8b2c00:   00007fff5b8b2c10 00007fff9c6adbbc
0x00007fff5b8b2c10:   00007fff5b8b2c30 00007fff9c6adb4f
0x00007fff5b8b2c20:   0000000000000000 0000000000000000
0x00007fff5b8b2c30:   00007fff5b8b2ca0 00007fff9c6adac7
0x00007fff5b8b2c40:   00007fff7d2a69d0 00007fff7aa760a0
0x00007fff5b8b2c50:   0000000042000000 00007fff9c6adb10
0x00007fff5b8b2c60:   00007fff7cdbb720 00007fdbd046e450
0x00007fff5b8b2c70:   00007fdbd9265560 00007fff5b8b3448
0x00007fff5b8b2c80:   00007fff7cee8780 00007fff5b8b3448
0x00007fff5b8b2c90:   00007fdbd046e450 00007fff9ca6d9e2
0x00007fff5b8b2ca0:   00007fff5b8b2ce0 00007fff9c6ad832
0x00007fff5b8b2cb0:   00007fff5b8b32c0 0000000000000000
0x00007fff5b8b2cc0:   00007fff7cee8780 00007fff5b8b3448
0x00007fff5b8b2cd0:   00007fff9b6724c0 00007fff9ca6d9e2
0x00007fff5b8b2ce0:   00007fff5b8b33f0 00007fff9c66a5e2
0x00007fff5b8b2cf0:   00007fff5b8b2d40 00007fff93ced258
0x00007fff5b8b2d00:   00007fdbd0490510 00007fdbd0420400
0x00007fff5b8b2d10:   00007fdbd0809048 00007fdbd0460810
0x00007fff5b8b2d20:   0000000000000000 00007fdbd046e4f0
0x00007fff5b8b2d30:   0000000000000000 0000000000000000
0x00007fff5b8b2d40:   00007fff7cdf8bc0 00007fff5b8b32c0
0x00007fff5b8b2d50:   0000000000000001 0000000000000100
0x00007fff5b8b2d60:   0000000000000c00 00007fff5b8b31c0
0x00007fff5b8b2d70:   0000000000000000 0000000000000100
0x00007fff5b8b2d80:   00007fff5b8b2d00 00007fff7cee8780
0x00007fff5b8b2d90:   0000000000000000 00007fff7cdbc500
0x00007fff5b8b2da0:   00007fff7cee8780 0000000000000000
0x00007fff5b8b2db0:   00007fff7cdbc500 00007fdbd0699100
0x00007fff5b8b2dc0:   00007fdbd0490500 0000000000000002
0x00007fff5b8b2dd0:   0000000000000000 00007fff9b6724c0
0x00007fff5b8b2de0:   00007fff5b8b2fa0 00007fff9e743584 

Instructions: (pc=0x0000000123c313fd)
0x0000000123c313dd:   89 df 4c 89 f1 41 ff 90 68 04 00 00 48 8d 05 58
0x0000000123c313ed:   29 03 00 48 8b 30 48 8d 05 46 2a 03 00 48 8b 10
0x0000000123c313fd:   48 8b 0b 30 c0 48 89 df ff 91 68 04 00 00 48 8b
0x0000000123c3140d:   03 48 89 df ff 50 78 48 85 c0 74 36 49 89 c6 48 

Register to memory mapping:

RAX=0x0000000123c63e40: jScreenNotifySettingsChanged+0 in /Library/Java/JavaVirtualMachines/jdk1.8.0_31.jdk/Contents/Home/jre/lib/libglass.dylib at 0x0000000123c1b000
RBX=0x0000000000000000 is an unknown value
RCX=0x0000000000000103 is an unknown value
RDX=0x00007fdbd20b76b0 is an unknown value
RSP=0x00007fff5b8b2bf0 is an unknown value
RBP=0x00007fff5b8b2c00 is an unknown value
RSI=0x00007fdbd2001738 is a global jni handle
RDI=0x0000000000000000 is an unknown value
R8 =0x0000000000000040 is an unknown value
R9 =0x00007fff7b9031e0: __sFX+0x1c0 in /usr/lib/system/libsystem_c.dylib at 0x00007fff97041000
R10=0xffffffffffffffff is an unknown value
R11=0x0000000000000246 is an unknown value
R12=0x00007fdbd9265560 is an unknown value
R13=0x00007fdbd046e450 is an unknown value
R14=0x00007fdbd046e490 is an unknown value
R15=0x0000000000000000 is an unknown value


Stack: [0x00007fff5b0b6000,0x00007fff5b8b6000],  sp=0x00007fff5b8b2bf0,  free space=8178k
Native frames: (J=compiled Java code, j=interpreted, Vv=VM code, C=native code)
C  [libglass.dylib+0x163fd]  GlassScreenDidChangeScreenParameters+0x9d
C  [CoreFoundation+0xa0bbc]  __CFNOTIFICATIONCENTER_IS_CALLING_OUT_TO_AN_OBSERVER__+0xc
C  [CoreFoundation+0xa0b4f]  ___CFXRegistrationPost_block_invoke+0x3f
C  [CoreFoundation+0xa0ac7]  _CFXRegistrationPost+0x197
C  [CoreFoundation+0xa0832]  ___CFXNotificationPost_block_invoke+0x32
C  [CoreFoundation+0x5d5e2]  -[_CFXNotificationRegistrar find:object:observer:enumerator:]+0x782
C  [CoreFoundation+0x5c835]  _CFXNotificationPost+0x2b5
C  [Foundation+0x6fda]  -[NSNotificationCenter postNotificationName:object:userInfo:]+0x42
C  [AppKit+0x41c157]  -[NSApplication _reactToScreenInvalidationImmediately:]+0x17f
C  [AppKit+0x41bfa8]  __44-[NSApplication _reactToScreenInvalidation:]_block_invoke+0x3b
C  [CoreFoundation+0xaa4ac]  __CFRUNLOOP_IS_CALLING_OUT_TO_A_BLOCK__+0xc
C  [CoreFoundation+0x89d05]  __CFRunLoopDoBlocks+0x155
C  [CoreFoundation+0x89a6b]  __CFRunLoopRun+0x92b
C  [CoreFoundation+0x88ed8]  CFRunLoopRunSpecific+0x128
C  [java+0x56cc]  CreateExecutionEnvironment+0x367
C  [java+0x165c]  JLI_Launch+0x7a0
C  [java+0x768a]  main+0x65
C  [java+0xeb4]  start+0x34


---------------  P R O C E S S  ---------------

VM state:at safepoint (normal execution)

VM Mutex/Monitor currently owned by a thread:  ([mutex/lock_event])
[0x00007fdbd0501b70] Threads_lock - owner thread: 0x00007fdbd080e000
[0x00007fdbd0502070] Heap_lock - owner thread: 0x00007fdbd1002800

Heap:
 PSYoungGen      total 367104K, used 156408K [0x000000076ab00000, 0x000000078f880000, 0x00000007c0000000)
  eden space 218112K, 4% used [0x000000076ab00000,0x000000076b42b5f8,0x0000000778000000)
  from space 148992K, 98% used [0x0000000778000000,0x0000000780f92b00,0x0000000781180000)
  to   space 173568K, 0% used [0x0000000784f00000,0x0000000784f00000,0x000000078f880000)
 ParOldGen       total 481280K, used 248966K [0x00000006c0000000, 0x00000006dd600000, 0x000000076ab00000)
  object space 481280K, 51% used [0x00000006c0000000,0x00000006cf321838,0x00000006dd600000)
 Metaspace       used 20574K, capacity 21868K, committed 22144K, reserved 1069056K
  class space    used 2926K, capacity 3173K, committed 3200K, reserved 1048576K

Card table byte_map: [0x0000000115913000,0x0000000116114000] byte_map_base: 0x0000000112313000

Marking Bits: (ParMarkBitMap*) 0x0000000105e9e410
 Begin Bits: [0x000000011666a000, 0x000000011a66a000)
 End Bits:   [0x000000011a66a000, 0x000000011e66a000)

Polling page: 0x00000001045d7000

CodeCache: size=245760Kb used=10028Kb max_used=10028Kb free=235731Kb
 bounds [0x0000000106553000, 0x0000000106f33000, 0x0000000115553000]
 total_blobs=3751 nmethods=3100 adapters=564
 compilation: enabled

Compilation events (10 events):
Event: 167.059 Thread 0x00007fdbd2812000 3126       3       com.sun.glass.ui.Application::GetApplication (4 bytes)
Event: 167.059 Thread 0x00007fdbd2812000 nmethod 3126 0x0000000106f16050 code [0x0000000106f161a0, 0x0000000106f162f0]
Event: 167.060 Thread 0x00007fdbd2812000 3127       3       com.sun.javafx.css.StyleManager::forget (250 bytes)
Event: 167.062 Thread 0x00007fdbd2812000 nmethod 3127 0x0000000106f1f050 code [0x0000000106f1f400, 0x0000000106f21308]
Event: 167.063 Thread 0x00007fdbd2812000 3128   !   3       sun.invoke.util.VerifyAccess::isTypeVisible (101 bytes)
Event: 167.064 Thread 0x00007fdbd2812000 nmethod 3128 0x0000000106f22090 code [0x0000000106f223c0, 0x0000000106f23f98]
Event: 167.067 Thread 0x00007fdbd2812000 3129       3       sun.reflect.ConstructorAccessorImpl::<init> (5 bytes)
Event: 167.068 Thread 0x00007fdbd2812000 nmethod 3129 0x0000000106f15bd0 code [0x0000000106f15d40, 0x0000000106f15f50]
Event: 167.068 Thread 0x00007fdbd2812000 3130       3       java.util.concurrent.LinkedBlockingDeque::unlinkFirst (74 bytes)
Event: 167.068 Thread 0x00007fdbd2812000 nmethod 3130 0x0000000106f24cd0 code [0x0000000106f24e80, 0x0000000106f253e8]

GC Heap History (10 events):
Event: 20.020 GC heap before
{Heap before GC invocations=8 (full 2):
 PSYoungGen      total 139264K, used 139250K [0x000000076ab00000, 0x000000077fc00000, 0x00000007c0000000)
  eden space 128512K, 100% used [0x000000076ab00000,0x0000000772880000,0x0000000772880000)
  from space 10752K, 99% used [0x0000000772880000,0x00000007732fc880,0x0000000773300000)
  to   space 86016K, 0% used [0x000000077a800000,0x000000077a800000,0x000000077fc00000)
 ParOldGen       total 249344K, used 151209K [0x00000006c0000000, 0x00000006cf380000, 0x000000076ab00000)
  object space 249344K, 60% used [0x00000006c0000000,0x00000006c93aa518,0x00000006cf380000)
 Metaspace       used 19993K, capacity 21238K, committed 21552K, reserved 1067008K
  class space    used 2892K, capacity 3150K, committed 3200K, reserved 1048576K
Event: 20.059 GC heap after
Heap after GC invocations=8 (full 2):
 PSYoungGen      total 246784K, used 74187K [0x000000076ab00000, 0x0000000781e00000, 0x00000007c0000000)
  eden space 160768K, 0% used [0x000000076ab00000,0x000000076ab00000,0x0000000774800000)
  from space 86016K, 86% used [0x000000077a800000,0x000000077f072e68,0x000000077fc00000)
  to   space 98304K, 0% used [0x0000000774800000,0x0000000774800000,0x000000077a800000)
 ParOldGen       total 249344K, used 151209K [0x00000006c0000000, 0x00000006cf380000, 0x000000076ab00000)
  object space 249344K, 60% used [0x00000006c0000000,0x00000006c93aa518,0x00000006cf380000)
 Metaspace       used 19993K, capacity 21238K, committed 21552K, reserved 1067008K
  class space    used 2892K, capacity 3150K, committed 3200K, reserved 1048576K
}
Event: 20.287 GC heap before
{Heap before GC invocations=9 (full 2):
 PSYoungGen      total 246784K, used 234955K [0x000000076ab00000, 0x0000000781e00000, 0x00000007c0000000)
  eden space 160768K, 100% used [0x000000076ab00000,0x0000000774800000,0x0000000774800000)
  from space 86016K, 86% used [0x000000077a800000,0x000000077f072e68,0x000000077fc00000)
  to   space 98304K, 0% used [0x0000000774800000,0x0000000774800000,0x000000077a800000)
 ParOldGen       total 249344K, used 151209K [0x00000006c0000000, 0x00000006cf380000, 0x000000076ab00000)
  object space 249344K, 60% used [0x00000006c0000000,0x00000006c93aa518,0x00000006cf380000)
 Metaspace       used 19994K, capacity 21238K, committed 21552K, reserved 1067008K
  class space    used 2892K, capacity 3150K, committed 3200K, reserved 1048576K
Event: 20.367 GC heap after
Heap after GC invocations=9 (full 2):
 PSYoungGen      total 259072K, used 98276K [0x000000076ab00000, 0x000000078a880000, 0x00000007c0000000)
  eden space 160768K, 0% used [0x000000076ab00000,0x000000076ab00000,0x0000000774800000)
  from space 98304K, 99% used [0x0000000774800000,0x000000077a7f9388,0x000000077a800000)
  to   space 141824K, 0% used [0x0000000781e00000,0x0000000781e00000,0x000000078a880000)
 ParOldGen       total 249344K, used 199105K [0x00000006c0000000, 0x00000006cf380000, 0x000000076ab00000)
  object space 249344K, 79% used [0x00000006c0000000,0x00000006cc270548,0x00000006cf380000)
 Metaspace       used 19994K, capacity 21238K, committed 21552K, reserved 1067008K
  class space    used 2892K, capacity 3150K, committed 3200K, reserved 1048576K
}
Event: 20.367 GC heap before
{Heap before GC invocations=10 (full 3):
 PSYoungGen      total 259072K, used 98276K [0x000000076ab00000, 0x000000078a880000, 0x00000007c0000000)
  eden space 160768K, 0% used [0x000000076ab00000,0x000000076ab00000,0x0000000774800000)
  from space 98304K, 99% used [0x0000000774800000,0x000000077a7f9388,0x000000077a800000)
  to   space 141824K, 0% used [0x0000000781e00000,0x0000000781e00000,0x000000078a880000)
 ParOldGen       total 249344K, used 199105K [0x00000006c0000000, 0x00000006cf380000, 0x000000076ab00000)
  object space 249344K, 79% used [0x00000006c0000000,0x00000006cc270548,0x00000006cf380000)
 Metaspace       used 19994K, capacity 21238K, committed 21552K, reserved 1067008K
  class space    used 2892K, capacity 3150K, committed 3200K, reserved 1048576K
Event: 20.936 GC heap after
Heap after GC invocations=10 (full 3):
 PSYoungGen      total 259072K, used 5599K [0x000000076ab00000, 0x000000078a880000, 0x00000007c0000000)
  eden space 160768K, 0% used [0x000000076ab00000,0x000000076ab00000,0x0000000774800000)
  from space 98304K, 5% used [0x0000000774800000,0x0000000774d77e00,0x000000077a800000)
  to   space 141824K, 0% used [0x0000000781e00000,0x0000000781e00000,0x000000078a880000)
 ParOldGen       total 481280K, used 248958K [0x00000006c0000000, 0x00000006dd600000, 0x000000076ab00000)
  object space 481280K, 51% used [0x00000006c0000000,0x00000006cf31f838,0x00000006dd600000)
 Metaspace       used 19994K, capacity 21238K, committed 21552K, reserved 1067008K
  class space    used 2892K, capacity 3150K, committed 3200K, reserved 1048576K
}
Event: 21.343 GC heap before
{Heap before GC invocations=11 (full 3):
 PSYoungGen      total 259072K, used 166367K [0x000000076ab00000, 0x000000078a880000, 0x00000007c0000000)
  eden space 160768K, 100% used [0x000000076ab00000,0x0000000774800000,0x0000000774800000)
  from space 98304K, 5% used [0x0000000774800000,0x0000000774d77e00,0x000000077a800000)
  to   space 141824K, 0% used [0x0000000781e00000,0x0000000781e00000,0x000000078a880000)
 ParOldGen       total 481280K, used 248958K [0x00000006c0000000, 0x00000006dd600000, 0x000000076ab00000)
  object space 481280K, 51% used [0x00000006c0000000,0x00000006cf31f838,0x00000006dd600000)
 Metaspace       used 19994K, capacity 21238K, committed 21552K, reserved 1067008K
  class space    used 2893K, capacity 3150K, committed 3200K, reserved 1048576K
Event: 21.415 GC heap after
Heap after GC invocations=11 (full 3):
 PSYoungGen      total 354304K, used 97860K [0x000000076ab00000, 0x000000078a300000, 0x00000007c0000000)
  eden space 218112K, 0% used [0x000000076ab00000,0x000000076ab00000,0x0000000778000000)
  from space 136192K, 71% used [0x0000000781e00000,0x0000000787d91020,0x000000078a300000)
  to   space 148992K, 0% used [0x0000000778000000,0x0000000778000000,0x0000000781180000)
 ParOldGen       total 481280K, used 248958K [0x00000006c0000000, 0x00000006dd600000, 0x000000076ab00000)
  object space 481280K, 51% used [0x00000006c0000000,0x00000006cf31f838,0x00000006dd600000)
 Metaspace       used 19994K, capacity 21238K, committed 21552K, reserved 1067008K
  class space    used 2893K, capacity 3150K, committed 3200K, reserved 1048576K
}
Event: 132.692 GC heap before
{Heap before GC invocations=12 (full 3):
 PSYoungGen      total 354304K, used 315972K [0x000000076ab00000, 0x000000078a300000, 0x00000007c0000000)
  eden space 218112K, 100% used [0x000000076ab00000,0x0000000778000000,0x0000000778000000)
  from space 136192K, 71% used [0x0000000781e00000,0x0000000787d91020,0x000000078a300000)
  to   space 148992K, 0% used [0x0000000778000000,0x0000000778000000,0x0000000781180000)
 ParOldGen       total 481280K, used 248958K [0x00000006c0000000, 0x00000006dd600000, 0x000000076ab00000)
  object space 481280K, 51% used [0x00000006c0000000,0x00000006cf31f838,0x00000006dd600000)
 Metaspace       used 20528K, capacity 21832K, committed 21888K, reserved 1069056K
  class space    used 2918K, capacity 3165K, committed 3200K, reserved 1048576K
Event: 132.764 GC heap after
Heap after GC invocations=12 (full 3):
 PSYoungGen      total 367104K, used 147018K [0x000000076ab00000, 0x000000078f880000, 0x00000007c0000000)
  eden space 218112K, 0% used [0x000000076ab00000,0x000000076ab00000,0x0000000778000000)
  from space 148992K, 98% used [0x0000000778000000,0x0000000780f92b00,0x0000000781180000)
  to   space 173568K, 0% used [0x0000000784f00000,0x0000000784f00000,0x000000078f880000)
 ParOldGen       total 481280K, used 248966K [0x00000006c0000000, 0x00000006dd600000, 0x000000076ab00000)
  object space 481280K, 51% used [0x00000006c0000000,0x00000006cf321838,0x00000006dd600000)
 Metaspace       used 20528K, capacity 21832K, committed 21888K, reserved 1069056K
  class space    used 2918K, capacity 3165K, committed 3200K, reserved 1048576K
}

Deoptimization events (10 events):
Event: 21.560 Thread 0x00007fdbd1889000 Uncommon trap: reason=unreached action=reinterpret pc=0x00000001069cfefc method=java.lang.ref.ReferenceQueue.poll()Ljava/lang/ref/Reference; @ 4
Event: 21.560 Thread 0x00007fdbd1889000 Uncommon trap: reason=unreached action=reinterpret pc=0x0000000106a4b334 method=java.lang.ref.ReferenceQueue.poll()Ljava/lang/ref/Reference; @ 4
Event: 21.560 Thread 0x00007fdbd1889000 Uncommon trap: reason=class_check action=maybe_recompile pc=0x000000010672f8ac method=java.util.AbstractList.equals(Ljava/lang/Object;)Z @ 8
Event: 21.560 Thread 0x00007fdbd1889000 Uncommon trap: reason=class_check action=maybe_recompile pc=0x000000010672f8ac method=java.util.AbstractList.equals(Ljava/lang/Object;)Z @ 8
Event: 21.560 Thread 0x00007fdbd1889000 Uncommon trap: reason=class_check action=maybe_recompile pc=0x000000010672f8ac method=java.util.AbstractList.equals(Ljava/lang/Object;)Z @ 8
Event: 21.560 Thread 0x00007fdbd1889000 Uncommon trap: reason=class_check action=maybe_recompile pc=0x000000010672f8ac method=java.util.AbstractList.equals(Ljava/lang/Object;)Z @ 8
Event: 21.588 Thread 0x00007fdbd1889000 Uncommon trap: reason=unreached action=reinterpret pc=0x0000000106d51018 method=java.util.HashMap.removeNode(ILjava/lang/Object;Ljava/lang/Object;ZZ)Ljava/util/HashMap$Node; @ 234
Event: 21.618 Thread 0x00007fdbd1889000 Uncommon trap: reason=bimorphic action=maybe_recompile pc=0x0000000106c11bc0 method=com.sun.javafx.css.CompoundSelector.stateMatches(Ljavafx/css/Styleable;Ljava/util/Set;I)Z @ 160
Event: 21.676 Thread 0x00007fdbd1889000 Uncommon trap: reason=bimorphic action=maybe_recompile pc=0x0000000106c11bc0 method=com.sun.javafx.css.CompoundSelector.stateMatches(Ljavafx/css/Styleable;Ljava/util/Set;I)Z @ 160
Event: 31.543 Thread 0x00007fdbd1889000 Uncommon trap: reason=unloaded action=reinterpret pc=0x0000000106e3cd84 method=java.util.Collections.unmodifiableList(Ljava/util/List;)Ljava/util/List; @ 18

Internal exceptions (10 events):
Event: 18.888 Thread 0x00007fdbd1889000 Exception <a 'java/security/PrivilegedActionException'> (0x000000076b132a08) thrown at [/Users/java_re/workspace/8-2-build-macosx-x86_64/jdk8u31/2394/hotspot/src/share/vm/prims/jvm.cpp, line 1312]
Event: 18.893 Thread 0x00007fdbd1889000 Exception <a 'java/security/PrivilegedActionException'> (0x000000076b137310) thrown at [/Users/java_re/workspace/8-2-build-macosx-x86_64/jdk8u31/2394/hotspot/src/share/vm/prims/jvm.cpp, line 1312]
Event: 18.896 Thread 0x00007fdbd1889000 Exception <a 'java/security/PrivilegedActionException'> (0x000000076b140770) thrown at [/Users/java_re/workspace/8-2-build-macosx-x86_64/jdk8u31/2394/hotspot/src/share/vm/prims/jvm.cpp, line 1312]
Event: 18.896 Thread 0x00007fdbd1889000 Exception <a 'java/security/PrivilegedActionException'> (0x000000076b14b960) thrown at [/Users/java_re/workspace/8-2-build-macosx-x86_64/jdk8u31/2394/hotspot/src/share/vm/prims/jvm.cpp, line 1312]
Event: 18.897 Thread 0x00007fdbd1889000 Exception <a 'java/security/PrivilegedActionException'> (0x000000076b14faf8) thrown at [/Users/java_re/workspace/8-2-build-macosx-x86_64/jdk8u31/2394/hotspot/src/share/vm/prims/jvm.cpp, line 1312]
Event: 18.901 Thread 0x00007fdbd1889000 Exception <a 'java/security/PrivilegedActionException'> (0x000000076b17e480) thrown at [/Users/java_re/workspace/8-2-build-macosx-x86_64/jdk8u31/2394/hotspot/src/share/vm/prims/jvm.cpp, line 1312]
Event: 19.537 Thread 0x00007fdbd0811000 Exception <a 'java/net/SocketException': Socket closed> (0x000000076ad5d210) thrown at [/Users/java_re/workspace/8-2-build-macosx-x86_64/jdk8u31/2394/hotspot/src/share/vm/prims/jni.cpp, line 742]
Event: 19.537 Thread 0x00007fdbd0811000 Exception <a 'java/net/SocketException': Socket closed> (0x000000076ad5d630) thrown at [/Users/java_re/workspace/8-2-build-macosx-x86_64/jdk8u31/2394/hotspot/src/share/vm/prims/jni.cpp, line 742]
Event: 20.937 Thread 0x00007fdbd0811000 Exception <a 'java/net/SocketException': Socket closed> (0x000000076ae12ce8) thrown at [/Users/java_re/workspace/8-2-build-macosx-x86_64/jdk8u31/2394/hotspot/src/share/vm/prims/jni.cpp, line 742]
Event: 21.557 Thread 0x00007fdbd1889000 Exception <a 'java/security/PrivilegedActionException'> (0x00000007769372c8) thrown at [/Users/java_re/workspace/8-2-build-macosx-x86_64/jdk8u31/2394/hotspot/src/share/vm/prims/jvm.cpp, line 1312]

Events (10 events):
Event: 167.069 Thread 0x00007fdbd1002800 Thread exited: 0x00007fdbd1002800
Event: 167.069 Thread 0x00007fdbd1002800 Thread added: 0x00007fdbd1002800
Event: 167.070 Thread 0x00007fdbd1889000 Thread exited: 0x00007fdbd1889000
Event: 167.070 loading class java/util/IdentityHashMap$KeySet
Event: 167.070 loading class java/util/IdentityHashMap$KeySet done
Event: 167.070 loading class java/util/IdentityHashMap$KeyIterator
Event: 167.070 loading class java/util/IdentityHashMap$IdentityHashMapIterator
Event: 167.070 loading class java/util/IdentityHashMap$IdentityHashMapIterator done
Event: 167.070 loading class java/util/IdentityHashMap$KeyIterator done
Event: 167.070 Thread 0x00007fdbd1002800 Thread exited: 0x00007fdbd1002800


Dynamic libraries:
0x00000000090a8000 	/System/Library/Frameworks/Cocoa.framework/Versions/A/Cocoa
0x00000000090a8000 	/System/Library/Frameworks/Security.framework/Versions/A/Security
0x00000000090a8000 	/System/Library/Frameworks/ApplicationServices.framework/Versions/A/ApplicationServices
0x00000000090a8000 	/usr/lib/libz.1.dylib
0x00000000090a8000 	/usr/lib/libSystem.B.dylib
0x00000000090a8000 	/usr/lib/libobjc.A.dylib
0x00000000090a8000 	/System/Library/Frameworks/CoreFoundation.framework/Versions/A/CoreFoundation
0x00000000090a8000 	/System/Library/Frameworks/Foundation.framework/Versions/C/Foundation
0x00000000090a8000 	/System/Library/Frameworks/AppKit.framework/Versions/C/AppKit
0x00000000090a8000 	/System/Library/Frameworks/CoreData.framework/Versions/A/CoreData
0x00000000090a8000 	/System/Library/PrivateFrameworks/RemoteViewServices.framework/Versions/A/RemoteViewServices
0x00000000090a8000 	/System/Library/PrivateFrameworks/UIFoundation.framework/Versions/A/UIFoundation
0x00000000090a8000 	/usr/lib/libScreenReader.dylib
0x00000000090a8000 	/System/Library/Frameworks/Accelerate.framework/Versions/A/Accelerate
0x00000000090a8000 	/System/Library/Frameworks/IOSurface.framework/Versions/A/IOSurface
0x00000000090a8000 	/System/Library/Frameworks/AudioToolbox.framework/Versions/A/AudioToolbox
0x00000000090a8000 	/System/Library/Frameworks/AudioUnit.framework/Versions/A/AudioUnit
0x00000000090a8000 	/System/Library/PrivateFrameworks/DataDetectorsCore.framework/Versions/A/DataDetectorsCore
0x00000000090a8000 	/System/Library/PrivateFrameworks/DesktopServicesPriv.framework/Versions/A/DesktopServicesPriv
0x00000000090a8000 	/System/Library/Frameworks/Carbon.framework/Versions/A/Frameworks/HIToolbox.framework/Versions/A/HIToolbox
0x00000000090a8000 	/System/Library/Frameworks/QuartzCore.framework/Versions/A/QuartzCore
0x00000000090a8000 	/System/Library/Frameworks/Carbon.framework/Versions/A/Frameworks/SpeechRecognition.framework/Versions/A/SpeechRecognition
0x00000000090a8000 	/usr/lib/libauto.dylib
0x00000000090a8000 	/usr/lib/libicucore.A.dylib
0x00000000090a8000 	/usr/lib/libxml2.2.dylib
0x00000000090a8000 	/System/Library/PrivateFrameworks/CoreUI.framework/Versions/A/CoreUI
0x00000000090a8000 	/System/Library/Frameworks/CoreAudio.framework/Versions/A/CoreAudio
0x00000000090a8000 	/System/Library/Frameworks/DiskArbitration.framework/Versions/A/DiskArbitration
0x00000000090a8000 	/usr/lib/liblangid.dylib
0x00000000090a8000 	/System/Library/PrivateFrameworks/MultitouchSupport.framework/Versions/A/MultitouchSupport
0x00000000090a8000 	/System/Library/Frameworks/IOKit.framework/Versions/A/IOKit
0x00000000090a8000 	/usr/lib/libDiagnosticMessagesClient.dylib
0x00000000090a8000 	/System/Library/Frameworks/CoreServices.framework/Versions/A/CoreServices
0x00000000090a8000 	/System/Library/PrivateFrameworks/PerformanceAnalysis.framework/Versions/A/PerformanceAnalysis
0x00000000090a8000 	/System/Library/PrivateFrameworks/GenerationalStorage.framework/Versions/A/GenerationalStorage
0x00000000090a8000 	/System/Library/Frameworks/OpenGL.framework/Versions/A/OpenGL
0x00000000090a8000 	/System/Library/PrivateFrameworks/Sharing.framework/Versions/A/Sharing
0x00000000090a8000 	/System/Library/Frameworks/CoreGraphics.framework/Versions/A/CoreGraphics
0x00000000090a8000 	/System/Library/Frameworks/CoreImage.framework/Versions/A/CoreImage
0x00000000090a8000 	/System/Library/Frameworks/CoreText.framework/Versions/A/CoreText
0x00000000090a8000 	/System/Library/Frameworks/ImageIO.framework/Versions/A/ImageIO
0x00000000090a8000 	/System/Library/PrivateFrameworks/Backup.framework/Versions/A/Backup
0x00000000090a8000 	/usr/lib/libextension.dylib
0x00000000090a8000 	/usr/lib/libarchive.2.dylib
0x00000000090a8000 	/System/Library/Frameworks/CFNetwork.framework/Versions/A/CFNetwork
0x00000000090a8000 	/System/Library/Frameworks/SystemConfiguration.framework/Versions/A/SystemConfiguration
0x00000000090a8000 	/usr/lib/libCRFSuite.dylib
0x00000000090a8000 	/usr/lib/libc++.1.dylib
0x00000000090a8000 	/usr/lib/libc++abi.dylib
0x00000000090a8000 	/usr/lib/system/libcache.dylib
0x00000000090a8000 	/usr/lib/system/libcommonCrypto.dylib
0x00000000090a8000 	/usr/lib/system/libcompiler_rt.dylib
0x00000000090a8000 	/usr/lib/system/libcopyfile.dylib
0x00000000090a8000 	/usr/lib/system/libcorecrypto.dylib
0x00000000090a8000 	/usr/lib/system/libdispatch.dylib
0x00000000090a8000 	/usr/lib/system/libdyld.dylib
0x00000000090a8000 	/usr/lib/system/libkeymgr.dylib
0x00000000090a8000 	/usr/lib/system/liblaunch.dylib
0x00000000090a8000 	/usr/lib/system/libmacho.dylib
0x00000000090a8000 	/usr/lib/system/libquarantine.dylib
0x00000000090a8000 	/usr/lib/system/libremovefile.dylib
0x00000000090a8000 	/usr/lib/system/libsystem_asl.dylib
0x00000000090a8000 	/usr/lib/system/libsystem_blocks.dylib
0x00000000090a8000 	/usr/lib/system/libsystem_c.dylib
0x00000000090a8000 	/usr/lib/system/libsystem_configuration.dylib
0x00000000090a8000 	/usr/lib/system/libsystem_coreservices.dylib
0x00000000090a8000 	/usr/lib/system/libsystem_coretls.dylib
0x00000000090a8000 	/usr/lib/system/libsystem_dnssd.dylib
0x00000000090a8000 	/usr/lib/system/libsystem_info.dylib
0x00000000090a8000 	/usr/lib/system/libsystem_kernel.dylib
0x00000000090a8000 	/usr/lib/system/libsystem_m.dylib
0x00000000090a8000 	/usr/lib/system/libsystem_malloc.dylib
0x00000000090a8000 	/usr/lib/system/libsystem_network.dylib
0x00000000090a8000 	/usr/lib/system/libsystem_networkextension.dylib
0x00000000090a8000 	/usr/lib/system/libsystem_notify.dylib
0x00000000090a8000 	/usr/lib/system/libsystem_platform.dylib
0x00000000090a8000 	/usr/lib/system/libsystem_pthread.dylib
0x00000000090a8000 	/usr/lib/system/libsystem_sandbox.dylib
0x00000000090a8000 	/usr/lib/system/libsystem_secinit.dylib
0x00000000090a8000 	/usr/lib/system/libsystem_trace.dylib
0x00000000090a8000 	/usr/lib/system/libunc.dylib
0x00000000090a8000 	/usr/lib/system/libunwind.dylib
0x00000000090a8000 	/usr/lib/system/libxpc.dylib
0x00000000090a8000 	/usr/lib/libenergytrace.dylib
0x00000000090a8000 	/usr/lib/libbsm.0.dylib
0x00000000090a8000 	/usr/lib/system/libkxld.dylib
0x00000000090a8000 	/usr/lib/libxar.1.dylib
0x00000000090a8000 	/usr/lib/libsqlite3.dylib
0x00000000090a8000 	/usr/lib/libpam.2.dylib
0x00000000090a8000 	/usr/lib/libOpenScriptingUtil.dylib
0x00000000090a8000 	/usr/lib/libbz2.1.0.dylib
0x00000000090a8000 	/usr/lib/liblzma.5.dylib
0x00000000090a8000 	/System/Library/Frameworks/CoreServices.framework/Versions/A/Frameworks/FSEvents.framework/Versions/A/FSEvents
0x00000000090a8000 	/System/Library/Frameworks/CoreServices.framework/Versions/A/Frameworks/CarbonCore.framework/Versions/A/CarbonCore
0x00000000090a8000 	/System/Library/Frameworks/CoreServices.framework/Versions/A/Frameworks/Metadata.framework/Versions/A/Metadata
0x00000000090a8000 	/System/Library/Frameworks/CoreServices.framework/Versions/A/Frameworks/OSServices.framework/Versions/A/OSServices
0x00000000090a8000 	/System/Library/Frameworks/CoreServices.framework/Versions/A/Frameworks/SearchKit.framework/Versions/A/SearchKit
0x00000000090a8000 	/System/Library/Frameworks/CoreServices.framework/Versions/A/Frameworks/AE.framework/Versions/A/AE
0x00000000090a8000 	/System/Library/Frameworks/CoreServices.framework/Versions/A/Frameworks/LaunchServices.framework/Versions/A/LaunchServices
0x00000000090a8000 	/System/Library/Frameworks/CoreServices.framework/Versions/A/Frameworks/DictionaryServices.framework/Versions/A/DictionaryServices
0x00000000090a8000 	/System/Library/Frameworks/CoreServices.framework/Versions/A/Frameworks/SharedFileList.framework/Versions/A/SharedFileList
0x00000000090a8000 	/System/Library/Frameworks/NetFS.framework/Versions/A/NetFS
0x00000000090a8000 	/System/Library/PrivateFrameworks/NetAuth.framework/Versions/A/NetAuth
0x00000000090a8000 	/System/Library/PrivateFrameworks/login.framework/Versions/A/Frameworks/loginsupport.framework/Versions/A/loginsupport
0x00000000090a8000 	/System/Library/PrivateFrameworks/TCC.framework/Versions/A/TCC
0x00000000090a8000 	/usr/lib/libmecabra.dylib
0x00000000090a8000 	/System/Library/Frameworks/ApplicationServices.framework/Versions/A/Frameworks/ATS.framework/Versions/A/ATS
0x00000000090a8000 	/System/Library/Frameworks/ApplicationServices.framework/Versions/A/Frameworks/ColorSync.framework/Versions/A/ColorSync
0x00000000090a8000 	/System/Library/Frameworks/ApplicationServices.framework/Versions/A/Frameworks/HIServices.framework/Versions/A/HIServices
0x00000000090a8000 	/System/Library/Frameworks/ApplicationServices.framework/Versions/A/Frameworks/LangAnalysis.framework/Versions/A/LangAnalysis
0x00000000090a8000 	/System/Library/Frameworks/ApplicationServices.framework/Versions/A/Frameworks/PrintCore.framework/Versions/A/PrintCore
0x00000000090a8000 	/System/Library/Frameworks/ApplicationServices.framework/Versions/A/Frameworks/QD.framework/Versions/A/QD
0x00000000090a8000 	/System/Library/Frameworks/ApplicationServices.framework/Versions/A/Frameworks/SpeechSynthesis.framework/Versions/A/SpeechSynthesis
0x00000000090a8000 	/System/Library/Frameworks/Metal.framework/Versions/A/Metal
0x00000000090a8000 	/System/Library/Frameworks/Accelerate.framework/Versions/A/Frameworks/vImage.framework/Versions/A/vImage
0x00000000090a8000 	/System/Library/Frameworks/Accelerate.framework/Versions/A/Frameworks/vecLib.framework/Versions/A/vecLib
0x00000000090a8000 	/System/Library/Frameworks/Accelerate.framework/Versions/A/Frameworks/vecLib.framework/Versions/A/libvDSP.dylib
0x00000000090a8000 	/System/Library/Frameworks/Accelerate.framework/Versions/A/Frameworks/vecLib.framework/Versions/A/libvMisc.dylib
0x00000000090a8000 	/System/Library/Frameworks/Accelerate.framework/Versions/A/Frameworks/vecLib.framework/Versions/A/libLAPACK.dylib
0x00000000090a8000 	/System/Library/Frameworks/Accelerate.framework/Versions/A/Frameworks/vecLib.framework/Versions/A/libBLAS.dylib
0x00000000090a8000 	/System/Library/Frameworks/Accelerate.framework/Versions/A/Frameworks/vecLib.framework/Versions/A/libLinearAlgebra.dylib
0x00000000090a8000 	/System/Library/Frameworks/Accelerate.framework/Versions/A/Frameworks/vecLib.framework/Versions/A/libSparseBLAS.dylib
0x00000000090a8000 	/System/Library/PrivateFrameworks/GPUCompiler.framework/libmetal_timestamp.dylib
0x00000000090a8000 	/System/Library/Frameworks/OpenGL.framework/Versions/A/Libraries/libCoreFSCache.dylib
0x00000000090a8000 	/System/Library/PrivateFrameworks/IOAccelerator.framework/Versions/A/IOAccelerator
0x00000000090a8000 	/System/Library/Frameworks/ApplicationServices.framework/Versions/A/Frameworks/ATS.framework/Versions/A/Resources/libFontParser.dylib
0x00000000090a8000 	/System/Library/Frameworks/ApplicationServices.framework/Versions/A/Frameworks/ATS.framework/Versions/A/Resources/libFontRegistry.dylib
0x00000000090a8000 	/System/Library/PrivateFrameworks/AppleVPA.framework/Versions/A/AppleVPA
0x00000000090a8000 	/System/Library/PrivateFrameworks/AppleJPEG.framework/Versions/A/AppleJPEG
0x00000000090a8000 	/System/Library/Frameworks/ImageIO.framework/Versions/A/Resources/libJPEG.dylib
0x00000000090a8000 	/System/Library/Frameworks/ImageIO.framework/Versions/A/Resources/libTIFF.dylib
0x00000000090a8000 	/System/Library/Frameworks/ImageIO.framework/Versions/A/Resources/libPng.dylib
0x00000000090a8000 	/System/Library/Frameworks/ImageIO.framework/Versions/A/Resources/libGIF.dylib
0x00000000090a8000 	/System/Library/Frameworks/ImageIO.framework/Versions/A/Resources/libJP2.dylib
0x00000000090a8000 	/System/Library/Frameworks/ImageIO.framework/Versions/A/Resources/libRadiance.dylib
0x00000000090a8000 	/System/Library/Frameworks/CoreVideo.framework/Versions/A/CoreVideo
0x00000000090a8000 	/System/Library/Frameworks/OpenGL.framework/Versions/A/Libraries/libGLU.dylib
0x00000000090a8000 	/System/Library/Frameworks/OpenGL.framework/Versions/A/Libraries/libGFXShared.dylib
0x00000000090a8000 	/System/Library/Frameworks/OpenGL.framework/Versions/A/Libraries/libGL.dylib
0x00000000090a8000 	/System/Library/Frameworks/OpenGL.framework/Versions/A/Libraries/libGLImage.dylib
0x00000000090a8000 	/System/Library/Frameworks/OpenGL.framework/Versions/A/Libraries/libCVMSPluginSupport.dylib
0x00000000090a8000 	/System/Library/Frameworks/OpenGL.framework/Versions/A/Libraries/libCoreVMClient.dylib
0x00000000090a8000 	/usr/lib/libcups.2.dylib
0x00000000090a8000 	/System/Library/Frameworks/Kerberos.framework/Versions/A/Kerberos
0x00000000090a8000 	/System/Library/Frameworks/GSS.framework/Versions/A/GSS
0x00000000090a8000 	/usr/lib/libresolv.9.dylib
0x00000000090a8000 	/usr/lib/libiconv.2.dylib
0x00000000090a8000 	/System/Library/PrivateFrameworks/Heimdal.framework/Versions/A/Heimdal
0x00000000090a8000 	/usr/lib/libheimdal-asn1.dylib
0x00000000090a8000 	/System/Library/Frameworks/OpenDirectory.framework/Versions/A/OpenDirectory
0x00000000090a8000 	/System/Library/PrivateFrameworks/CommonAuth.framework/Versions/A/CommonAuth
0x00000000090a8000 	/System/Library/Frameworks/OpenDirectory.framework/Versions/A/Frameworks/CFOpenDirectory.framework/Versions/A/CFOpenDirectory
0x00000000090a8000 	/System/Library/Frameworks/SecurityFoundation.framework/Versions/A/SecurityFoundation
0x00000000090a8000 	/System/Library/PrivateFrameworks/LanguageModeling.framework/Versions/A/LanguageModeling
0x00000000090a8000 	/usr/lib/libmarisa.dylib
0x00000000090a8000 	/usr/lib/libChineseTokenizer.dylib
0x00000000090a8000 	/usr/lib/libcmph.dylib
0x00000000090a8000 	/usr/lib/libcompression.dylib
0x00000000090a8000 	/System/Library/Frameworks/ServiceManagement.framework/Versions/A/ServiceManagement
0x00000000090a8000 	/usr/lib/libxslt.1.dylib
0x00000000090a8000 	/System/Library/Frameworks/Carbon.framework/Versions/A/Frameworks/Ink.framework/Versions/A/Ink
0x00000000090a8000 	/usr/lib/libFosl_dynamic.dylib
0x00000000090a8000 	/System/Library/PrivateFrameworks/FaceCore.framework/Versions/A/FaceCore
0x00000000090a8000 	/System/Library/Frameworks/OpenCL.framework/Versions/A/OpenCL
0x00000000090a8000 	/System/Library/PrivateFrameworks/CrashReporterSupport.framework/Versions/A/CrashReporterSupport
0x00000000090a8000 	/System/Library/PrivateFrameworks/IconServices.framework/Versions/A/IconServices
0x00000000090a8000 	/System/Library/PrivateFrameworks/Apple80211.framework/Versions/A/Apple80211
0x00000000090a8000 	/System/Library/Frameworks/CoreWLAN.framework/Versions/A/CoreWLAN
0x00000000090a8000 	/System/Library/Frameworks/IOBluetooth.framework/Versions/A/IOBluetooth
0x00000000090a8000 	/System/Library/PrivateFrameworks/CoreWiFi.framework/Versions/A/CoreWiFi
0x00000000090a8000 	/System/Library/Frameworks/CoreBluetooth.framework/Versions/A/CoreBluetooth
0x00000000090a8000 	/System/Library/PrivateFrameworks/ChunkingLibrary.framework/Versions/A/ChunkingLibrary
0x00000000090a8000 	/System/Library/PrivateFrameworks/DebugSymbols.framework/Versions/A/DebugSymbols
0x00000000090a8000 	/System/Library/PrivateFrameworks/CoreSymbolication.framework/Versions/A/CoreSymbolication
0x00000000090a8000 	/System/Library/PrivateFrameworks/Symbolication.framework/Versions/A/Symbolication
0x00000000090a8000 	/System/Library/PrivateFrameworks/SpeechRecognitionCore.framework/Versions/A/SpeechRecognitionCore
0x0000000105600000 	/Library/Java/JavaVirtualMachines/jdk1.8.0_31.jdk/Contents/Home/jre/lib/server/libjvm.dylib
0x00000000090a8000 	/usr/lib/libstdc++.6.dylib
0x00000001045c9000 	/Library/Java/JavaVirtualMachines/jdk1.8.0_31.jdk/Contents/Home/jre/lib/libverify.dylib
0x000000010651f000 	/Library/Java/JavaVirtualMachines/jdk1.8.0_31.jdk/Contents/Home/jre/lib/libjava.dylib
0x00000001045e1000 	/Library/Java/JavaVirtualMachines/jdk1.8.0_31.jdk/Contents/Home/jre/lib/libzip.dylib
0x0000000121606000 	/System/Library/Frameworks/JavaVM.framework/Frameworks/JavaRuntimeSupport.framework/JavaRuntimeSupport
0x00000001045eb000 	/System/Library/Frameworks/JavaVM.framework/Versions/A/Frameworks/JavaNativeFoundation.framework/Versions/A/JavaNativeFoundation
0x0000000121621000 	/System/Library/Frameworks/JavaVM.framework/Versions/A/JavaVM
0x00000000090a8000 	/System/Library/Frameworks/Carbon.framework/Versions/A/Carbon
0x000000012162e000 	/System/Library/PrivateFrameworks/JavaLaunching.framework/Versions/A/JavaLaunching
0x00000000090a8000 	/System/Library/Frameworks/Carbon.framework/Versions/A/Frameworks/CommonPanels.framework/Versions/A/CommonPanels
0x00000000090a8000 	/System/Library/Frameworks/Carbon.framework/Versions/A/Frameworks/Help.framework/Versions/A/Help
0x00000000090a8000 	/System/Library/Frameworks/Carbon.framework/Versions/A/Frameworks/ImageCapture.framework/Versions/A/ImageCapture
0x00000000090a8000 	/System/Library/Frameworks/Carbon.framework/Versions/A/Frameworks/OpenScripting.framework/Versions/A/OpenScripting
0x00000000090a8000 	/System/Library/Frameworks/Carbon.framework/Versions/A/Frameworks/Print.framework/Versions/A/Print
0x00000000090a8000 	/System/Library/Frameworks/Carbon.framework/Versions/A/Frameworks/SecurityHI.framework/Versions/A/SecurityHI
0x0000000123018000 	/Library/Java/JavaVirtualMachines/jdk1.8.0_31.jdk/Contents/Home/jre/lib/libprism_es2.dylib
0x00000000090a8000 	/System/Library/Frameworks/OpenGL.framework/Versions/A/Resources/GLEngine.bundle/GLEngine
0x00000000090a8000 	/System/Library/Frameworks/OpenGL.framework/Versions/A/Libraries/libGLProgrammability.dylib
0x0000000123099000 	/System/Library/Extensions/AppleIntelHD5000GraphicsGLDriver.bundle/Contents/MacOS/AppleIntelHD5000GraphicsGLDriver
0x00000000090a8000 	/System/Library/PrivateFrameworks/GPUSupport.framework/Versions/A/Libraries/libGPUSupportMercury.dylib
0x00000000090a8000 	/System/Library/Frameworks/OpenGL.framework/Versions/A/Resources/GLRendererFloat.bundle/GLRendererFloat
0x00000000090a8000 	/System/Library/Frameworks/OpenCL.framework/Versions/A/Libraries/libcldcpuengine.dylib
0x00000000090a8000 	/System/Library/PrivateFrameworks/DiskImages.framework/Versions/A/DiskImages
0x00000000090a8000 	/System/Library/Frameworks/DiscRecording.framework/Versions/A/DiscRecording
0x00000000090a8000 	/usr/lib/libcsfde.dylib
0x00000000090a8000 	/usr/lib/libcurl.4.dylib
0x00000000090a8000 	/System/Library/PrivateFrameworks/MediaKit.framework/Versions/A/MediaKit
0x00000000090a8000 	/System/Library/PrivateFrameworks/ProtectedCloudStorage.framework/Versions/A/ProtectedCloudStorage
0x00000000090a8000 	/usr/lib/libCoreStorage.dylib
0x00000000090a8000 	/System/Library/PrivateFrameworks/EFILogin.framework/Versions/A/EFILogin
0x00000000090a8000 	/usr/lib/libutil.dylib
0x00000000090a8000 	/System/Library/PrivateFrameworks/FindMyDevice.framework/Versions/A/FindMyDevice
0x00000000090a8000 	/System/Library/Frameworks/LDAP.framework/Versions/A/LDAP
0x00000000090a8000 	/usr/lib/libsasl2.2.dylib
0x00000000090a8000 	/System/Library/PrivateFrameworks/CoreDaemon.framework/Versions/B/CoreDaemon
0x00000000090a8000 	/usr/lib/libcrypto.0.9.8.dylib
0x00000000090a8000 	/System/Library/PrivateFrameworks/AppleSRP.framework/Versions/A/AppleSRP
0x00000000090a8000 	/System/Library/PrivateFrameworks/TrustEvaluationAgent.framework/Versions/A/TrustEvaluationAgent
0x0000000123c1b000 	/Library/Java/JavaVirtualMachines/jdk1.8.0_31.jdk/Contents/Home/jre/lib/libglass.dylib
0x00000000090a8000 	/System/Library/PrivateFrameworks/CoreServicesInternal.framework/Versions/A/CoreServicesInternal
0x00000000090a8000 	/System/Library/CoreServices/RawCamera.bundle/Contents/MacOS/RawCamera
0x00000000090a8000 	/System/Library/Frameworks/CoreGraphics.framework/Versions/A/Resources/libRIP.A.dylib
0x00000000090a8000 	/System/Library/Frameworks/Accelerate.framework/Versions/A/Frameworks/vImage.framework/Versions/A/Libraries/libCGInterfaces.dylib
0x00000000090a8000 	/System/Library/PrivateFrameworks/FamilyControls.framework/Versions/A/FamilyControls
0x00000000090a8000 	/System/Library/PrivateFrameworks/CommerceKit.framework/Versions/A/Frameworks/CommerceCore.framework/Versions/A/CommerceCore
0x00000000090a8000 	/System/Library/PrivateFrameworks/SystemAdministration.framework/Versions/A/SystemAdministration
0x00000000090a8000 	/System/Library/PrivateFrameworks/AppContainer.framework/Versions/A/AppContainer
0x00000000090a8000 	/System/Library/PrivateFrameworks/SecCodeWrapper.framework/Versions/A/SecCodeWrapper
0x00000000090a8000 	/System/Library/Frameworks/DirectoryService.framework/Versions/A/DirectoryService
0x00000000090a8000 	/System/Library/PrivateFrameworks/LoginUIKit.framework/Versions/A/Frameworks/LoginUICore.framework/Versions/A/LoginUICore
0x00000000090a8000 	/usr/lib/libodfde.dylib
0x0000000126d0e000 	/Library/Java/JavaVirtualMachines/jdk1.8.0_31.jdk/Contents/Home/jre/lib/libjavafx_font.dylib
0x00000000090a8000 	/System/Library/Frameworks/CoreGraphics.framework/Versions/A/Resources/libCGXType.A.dylib
0x0000000126ca3000 	cl_kernels
0x00000000090a8000 	/System/Library/Frameworks/OpenCL.framework/Versions/A/Libraries/ImageFormats/unorm8_bgra.dylib
0x00000000090a8000 	/System/Library/Frameworks/OpenCL.framework/Versions/A/Libraries/ImageFormats/unorm8_rgba.dylib
0x0000000126e5d000 	/Library/Java/JavaVirtualMachines/jdk1.8.0_31.jdk/Contents/Home/jre/lib/libprism_common.dylib
0x000000012af9e000 	/System/Library/Extensions/AppleIntelHD5000GraphicsMTLDriver.bundle/Contents/MacOS/AppleIntelHD5000GraphicsMTLDriver
0x0000000128188000 	/Library/Java/JavaVirtualMachines/jdk1.8.0_31.jdk/Contents/Home/jre/lib/libnet.dylib

VM Arguments:
jvm_args: -Dfile.encoding=UTF-8 
java_command: application.Main
java_class_path (initial): /Users/Benedikt/Desktop/Schule/GitHub/fussballverein/bin:/Users/Benedikt/Library/sonstiges/postgresql-9.4.1208.jre6.jar
Launcher Type: SUN_STANDARD

Environment Variables:
PATH=/usr/bin:/bin:/usr/sbin:/sbin
SHELL=/bin/bash

Signal Handlers:
SIGSEGV: [libjvm.dylib+0x57a0e7], sa_mask[0]=11111111011111110111111111111111, sa_flags=SA_ONSTACK|SA_RESTART|SA_SIGINFO
SIGBUS: [libjvm.dylib+0x57a0e7], sa_mask[0]=11111111011111110111111111111111, sa_flags=SA_RESTART|SA_SIGINFO
SIGFPE: [libjvm.dylib+0x45af24], sa_mask[0]=11111111011111110111111111111111, sa_flags=SA_RESTART|SA_SIGINFO
SIGPIPE: [libjvm.dylib+0x45af24], sa_mask[0]=11111111011111110111111111111111, sa_flags=SA_RESTART|SA_SIGINFO
SIGXFSZ: [libjvm.dylib+0x45af24], sa_mask[0]=11111111011111110111111111111111, sa_flags=SA_RESTART|SA_SIGINFO
SIGILL: [libjvm.dylib+0x45af24], sa_mask[0]=11111111011111110111111111111111, sa_flags=SA_RESTART|SA_SIGINFO
SIGUSR1: SIG_DFL, sa_mask[0]=00000000000000000000000000000000, sa_flags=none
SIGUSR2: [libjvm.dylib+0x45aa42], sa_mask[0]=00100000000000000000000000000000, sa_flags=SA_RESTART|SA_SIGINFO
SIGHUP: [libjvm.dylib+0x459015], sa_mask[0]=11111111011111110111111111111111, sa_flags=SA_RESTART|SA_SIGINFO
SIGINT: [libjvm.dylib+0x459015], sa_mask[0]=11111111011111110111111111111111, sa_flags=SA_RESTART|SA_SIGINFO
SIGTERM: [libjvm.dylib+0x459015], sa_mask[0]=11111111011111110111111111111111, sa_flags=SA_RESTART|SA_SIGINFO
SIGQUIT: [libjvm.dylib+0x459015], sa_mask[0]=11111111011111110111111111111111, sa_flags=SA_RESTART|SA_SIGINFO


---------------  S Y S T E M  ---------------

OS:Bsduname:Darwin 15.4.0 Darwin Kernel Version 15.4.0: Fri Feb 26 22:08:05 PST 2016; root:xnu-3248.40.184~3/RELEASE_X86_64 x86_64
rlimit: STACK 8192k, CORE 0k, NPROC 709, NOFILE 10240, AS infinity
load average:3.06 2.83 2.49

CPU:total 8 (4 cores per cpu, 2 threads per core) family 6 model 70 stepping 1, cmov, cx8, fxsr, mmx, sse, sse2, sse3, ssse3, sse4.1, sse4.2, popcnt, avx, avx2, aes, clmul, erms, lzcnt, ht, tsc, tscinvbit, bmi1, bmi2

Memory: 4k page, physical 16777216k(2049480k free)

/proc/meminfo:


vm_info: Java HotSpot(TM) 64-Bit Server VM (25.31-b07) for bsd-amd64 JRE (1.8.0_31-b13), built on Dec 17 2014 20:45:36 by "java_re" with gcc 4.2.1 (Based on Apple Inc. build 5658) (LLVM build 2336.11.00)

time: Sun Apr 17 16:29:20 2016
elapsed time: 167 seconds (0d 0h 2m 47s)

