#
# A fatal error has been detected by the Java Runtime Environment:
#
#  SIGSEGV (0xb) at pc=0x000000012cb243fd, pid=24790, tid=2571
#
# JRE version: Java(TM) SE Runtime Environment (8.0_31-b13) (build 1.8.0_31-b13)
# Java VM: Java HotSpot(TM) 64-Bit Server VM (25.31-b07 mixed mode bsd-amd64 compressed oops)
# Problematic frame:
# C  [libglass.dylib+0x163fd]  GlassScreenDidChangeScreenParameters+0x9d
#
# Failed to write core dump. Core dumps have been disabled. To enable core dumping, try "ulimit -c unlimited" before starting Java again
#
# If you would like to submit a bug report, please visit:
#   http://bugreport.java.com/bugreport/crash.jsp
#

---------------  T H R E A D  ---------------

Current thread is native thread

siginfo: si_signo: 11 (SIGSEGV), si_code: 1 (SEGV_MAPERR), si_addr: 0x0000000000000000

Registers:
RAX=0x000000012cb56e40, RBX=0x0000000000000000, RCX=0x0000000000000103, RDX=0x00007fa35adaebd0
RSP=0x00007fff529bfbf0, RBP=0x00007fff529bfc00, RSI=0x00007fa35ad02418, RDI=0x0000000000000000
R8 =0x0000000000000040, R9 =0x00007fff7b9031e0, R10=0xffffffffffffffff, R11=0x0000000000000246
R12=0x00007fa35aeaddf0, R13=0x00007fa35ac4a3a0, R14=0x00007fa35ac4a460, R15=0x0000000000000000
RIP=0x000000012cb243fd, EFLAGS=0x0000000000010202, ERR=0x0000000000000004
  TRAPNO=0x000000000000000e

Top of Stack: (sp=0x00007fff529bfbf0)
0x00007fff529bfbf0:   00007fff529bfc48 00007fa35ac4a460
0x00007fff529bfc00:   00007fff529bfc10 00007fff9c6adbbc
0x00007fff529bfc10:   00007fff529bfc30 00007fff9c6adb4f
0x00007fff529bfc20:   0000000000000000 0000000000000000
0x00007fff529bfc30:   00007fff529bfca0 00007fff9c6adac7
0x00007fff529bfc40:   00007fff7d2a69d0 00007fff7aa760a0
0x00007fff529bfc50:   0000000042000000 00007fff9c6adb10
0x00007fff529bfc60:   00007fff7cdbb720 00007fa35ac4a3a0
0x00007fff529bfc70:   00007fa35aeaddf0 00007fff529c0448
0x00007fff529bfc80:   00007fff7cee8780 00007fff529c0448
0x00007fff529bfc90:   00007fa35ac4a3a0 00007fff9ca6d9e2
0x00007fff529bfca0:   00007fff529bfce0 00007fff9c6ad832
0x00007fff529bfcb0:   00007fff529c02c0 0000000000000000
0x00007fff529bfcc0:   00007fff7cee8780 00007fff529c0448
0x00007fff529bfcd0:   00007fff9b6724c0 00007fff9ca6d9e2
0x00007fff529bfce0:   00007fff529c03f0 00007fff9c66a5e2
0x00007fff529bfcf0:   00007fff529bfd40 00007fff93ced258
0x00007fff529bfd00:   00007fa363d1f890 00007fa35af2c760
0x00007fff529bfd10:   00007fa35b801048 00007fa35ae3afe0
0x00007fff529bfd20:   0000000000000000 00007fa35ac4a4c0
0x00007fff529bfd30:   0000000000000000 0000000000000000
0x00007fff529bfd40:   00007fff7cdf8bc0 00007fff529c02c0
0x00007fff529bfd50:   0000000000000001 0000000000000100
0x00007fff529bfd60:   0000000000001100 00007fff529c01c0
0x00007fff529bfd70:   0000000000000000 0000000000000100
0x00007fff529bfd80:   00007fff529bfd00 00007fff7cee8780
0x00007fff529bfd90:   0000000000000000 00007fff7cdbc500
0x00007fff529bfda0:   00007fff7cee8780 0000000000000000
0x00007fff529bfdb0:   00007fff7cdbc500 00007fa35ae033a0
0x00007fff529bfdc0:   00007fa363d1f800 0000000000000002
0x00007fff529bfdd0:   0000000000000000 00007fff9b6724c0
0x00007fff529bfde0:   00007fff529bffa0 00007fff9e743584 

Instructions: (pc=0x000000012cb243fd)
0x000000012cb243dd:   89 df 4c 89 f1 41 ff 90 68 04 00 00 48 8d 05 58
0x000000012cb243ed:   29 03 00 48 8b 30 48 8d 05 46 2a 03 00 48 8b 10
0x000000012cb243fd:   48 8b 0b 30 c0 48 89 df ff 91 68 04 00 00 48 8b
0x000000012cb2440d:   03 48 89 df ff 50 78 48 85 c0 74 36 49 89 c6 48 

Register to memory mapping:

RAX=0x000000012cb56e40: jScreenNotifySettingsChanged+0 in /Library/Java/JavaVirtualMachines/jdk1.8.0_31.jdk/Contents/Home/jre/lib/libglass.dylib at 0x000000012cb0e000
RBX=0x0000000000000000 is an unknown value
RCX=0x0000000000000103 is an unknown value
RDX=0x00007fa35adaebd0 is an unknown value
RSP=0x00007fff529bfbf0 is an unknown value
RBP=0x00007fff529bfc00 is an unknown value
RSI=0x00007fa35ad02418 is a global jni handle
RDI=0x0000000000000000 is an unknown value
R8 =0x0000000000000040 is an unknown value
R9 =0x00007fff7b9031e0: __sFX+0x1c0 in /usr/lib/system/libsystem_c.dylib at 0x00007fff97041000
R10=0xffffffffffffffff is an unknown value
R11=0x0000000000000246 is an unknown value
R12=0x00007fa35aeaddf0 is an unknown value
R13=0x00007fa35ac4a3a0 is an unknown value
R14=0x00007fa35ac4a460 is an unknown value
R15=0x0000000000000000 is an unknown value


Stack: [0x00007fff521c3000,0x00007fff529c3000],  sp=0x00007fff529bfbf0,  free space=8178k
Native frames: (J=compiled Java code, j=interpreted, Vv=VM code, C=native code)
C  [libglass.dylib+0x163fd]  GlassScreenDidChangeScreenParameters+0x9d
C  [CoreFoundation+0xa0bbc]  __CFNOTIFICATIONCENTER_IS_CALLING_OUT_TO_AN_OBSERVER__+0xc
C  [CoreFoundation+0xa0b4f]  ___CFXRegistrationPost_block_invoke+0x3f
C  [CoreFoundation+0xa0ac7]  _CFXRegistrationPost+0x197
C  [CoreFoundation+0xa0832]  ___CFXNotificationPost_block_invoke+0x32
C  [CoreFoundation+0x5d5e2]  -[_CFXNotificationRegistrar find:object:observer:enumerator:]+0x782
C  [CoreFoundation+0x5c835]  _CFXNotificationPost+0x2b5
C  [Foundation+0x6fda]  -[NSNotificationCenter postNotificationName:object:userInfo:]+0x42
C  [AppKit+0x41c157]  -[NSApplication _reactToScreenInvalidationImmediately:]+0x17f
C  [AppKit+0x41bfa8]  __44-[NSApplication _reactToScreenInvalidation:]_block_invoke+0x3b
C  [CoreFoundation+0xaa4ac]  __CFRUNLOOP_IS_CALLING_OUT_TO_A_BLOCK__+0xc
C  [CoreFoundation+0x89d05]  __CFRunLoopDoBlocks+0x155
C  [CoreFoundation+0x89a6b]  __CFRunLoopRun+0x92b
C  [CoreFoundation+0x88ed8]  CFRunLoopRunSpecific+0x128
C  [java+0x56cc]  CreateExecutionEnvironment+0x367
C  [java+0x165c]  JLI_Launch+0x7a0
C  [java+0x768a]  main+0x65
C  [java+0xeb4]  start+0x34


---------------  P R O C E S S  ---------------

VM state:at safepoint (normal execution)

VM Mutex/Monitor currently owned by a thread:  ([mutex/lock_event])
[0x00007fa35ac015e0] Threads_lock - owner thread: 0x00007fa35e013800
[0x00007fa35ac01ae0] Heap_lock - owner thread: 0x00007fa362000000

Heap:
 PSYoungGen      total 411136K, used 123266K [0x000000076ab00000, 0x0000000790c80000, 0x00000007c0000000)
  eden space 310784K, 7% used [0x000000076ab00000,0x000000076c1862f0,0x000000077da80000)
  from space 100352K, 99% used [0x000000078aa80000,0x0000000790c5a798,0x0000000790c80000)
  to   space 154112K, 0% used [0x000000077df80000,0x000000077df80000,0x0000000787600000)
 ParOldGen       total 498176K, used 266420K [0x00000006c0000000, 0x00000006de680000, 0x000000076ab00000)
  object space 498176K, 53% used [0x00000006c0000000,0x00000006d042d260,0x00000006de680000)
 Metaspace       used 20697K, capacity 22026K, committed 22144K, reserved 1069056K
  class space    used 2936K, capacity 3178K, committed 3200K, reserved 1048576K

Card table byte_map: [0x000000011e8df000,0x000000011f0e0000] byte_map_base: 0x000000011b2df000

Marking Bits: (ParMarkBitMap*) 0x000000010ee9e410
 Begin Bits: [0x000000011f636000, 0x0000000123636000)
 End Bits:   [0x0000000123636000, 0x0000000127636000)

Polling page: 0x000000010d4fe000

CodeCache: size=245760Kb used=10301Kb max_used=10301Kb free=235458Kb
 bounds [0x000000010f51f000, 0x000000010ff3f000, 0x000000011e51f000]
 total_blobs=3862 nmethods=3211 adapters=565
 compilation: enabled

Compilation events (10 events):
Event: 181.956 Thread 0x00007fa35b81f000 3208   !   3       java.util.concurrent.LinkedBlockingDeque::offerLast (53 bytes)
Event: 181.957 Thread 0x00007fa35b81f000 nmethod 3208 0x000000010ff319d0 code [0x000000010ff31bc0, 0x000000010ff32488]
Event: 181.959 Thread 0x00007fa35b81f000 3209   !   3       java.util.concurrent.LinkedBlockingDeque::takeFirst (47 bytes)
Event: 181.959 Thread 0x00007fa35b81f000 nmethod 3209 0x000000010ff32850 code [0x000000010ff32a20, 0x000000010ff33228]
Event: 181.959 Thread 0x00007fa35b81f000 3211       3       java.lang.reflect.Constructor::setConstructorAccessor (21 bytes)
Event: 181.960 Thread 0x00007fa35b81f000 nmethod 3211 0x000000010ff33610 code [0x000000010ff33780, 0x000000010ff33b48]
Event: 181.960 Thread 0x00007fa35b81f000 3210       3       com.sun.glass.ui.InvokeLaterDispatcher$Future::<init> (20 bytes)
Event: 181.960 Thread 0x00007fa35b81f000 nmethod 3210 0x000000010ff33c50 code [0x000000010ff33dc0, 0x000000010ff33fb0]
Event: 181.960 Thread 0x00007fa35b81f000 3212       3       sun.reflect.ConstructorAccessorImpl::<init> (5 bytes)
Event: 181.960 Thread 0x00007fa35b81f000 nmethod 3212 0x000000010ff34050 code [0x000000010ff341c0, 0x000000010ff343d0]

GC Heap History (10 events):
Event: 4.822 GC heap before
{Heap before GC invocations=6 (full 1):
 PSYoungGen      total 141824K, used 10722K [0x000000076ab00000, 0x0000000786300000, 0x00000007c0000000)
  eden space 131072K, 0% used [0x000000076ab00000,0x000000076ab00000,0x0000000772b00000)
  from space 10752K, 99% used [0x0000000772b00000,0x00000007735789b0,0x0000000773580000)
  to   space 94208K, 0% used [0x0000000780700000,0x0000000780700000,0x0000000786300000)
 ParOldGen       total 190464K, used 190082K [0x00000006c0000000, 0x00000006cba00000, 0x000000076ab00000)
  object space 190464K, 99% used [0x00000006c0000000,0x00000006cb9a0bf8,0x00000006cba00000)
 Metaspace       used 19878K, capacity 21176K, committed 21296K, reserved 1067008K
  class space    used 2891K, capacity 3151K, committed 3200K, reserved 1048576K
Event: 5.168 GC heap after
Heap after GC invocations=6 (full 1):
 PSYoungGen      total 141824K, used 0K [0x000000076ab00000, 0x0000000786300000, 0x00000007c0000000)
  eden space 131072K, 0% used [0x000000076ab00000,0x000000076ab00000,0x0000000772b00000)
  from space 10752K, 0% used [0x0000000772b00000,0x0000000772b00000,0x0000000773580000)
  to   space 94208K, 0% used [0x0000000780700000,0x0000000780700000,0x0000000786300000)
 ParOldGen       total 346112K, used 178473K [0x00000006c0000000, 0x00000006d5200000, 0x000000076ab00000)
  object space 346112K, 51% used [0x00000006c0000000,0x00000006cae4a728,0x00000006d5200000)
 Metaspace       used 19877K, capacity 21174K, committed 21296K, reserved 1067008K
  class space    used 2891K, capacity 3150K, committed 3200K, reserved 1048576K
}
Event: 5.237 GC heap before
{Heap before GC invocations=7 (full 1):
 PSYoungGen      total 141824K, used 131072K [0x000000076ab00000, 0x0000000786300000, 0x00000007c0000000)
  eden space 131072K, 100% used [0x000000076ab00000,0x0000000772b00000,0x0000000772b00000)
  from space 10752K, 0% used [0x0000000772b00000,0x0000000772b00000,0x0000000773580000)
  to   space 94208K, 0% used [0x0000000780700000,0x0000000780700000,0x0000000786300000)
 ParOldGen       total 346112K, used 178473K [0x00000006c0000000, 0x00000006d5200000, 0x000000076ab00000)
  object space 346112K, 51% used [0x00000006c0000000,0x00000006cae4a728,0x00000006d5200000)
 Metaspace       used 19877K, capacity 21174K, committed 21296K, reserved 1067008K
  class space    used 2891K, capacity 3150K, committed 3200K, reserved 1048576K
Event: 5.272 GC heap after
Heap after GC invocations=7 (full 1):
 PSYoungGen      total 282624K, used 60809K [0x000000076ab00000, 0x0000000784280000, 0x00000007c0000000)
  eden space 221696K, 0% used [0x000000076ab00000,0x000000076ab00000,0x0000000778380000)
  from space 60928K, 99% used [0x0000000780700000,0x0000000784262798,0x0000000784280000)
  to   space 93696K, 0% used [0x0000000778b80000,0x0000000778b80000,0x000000077e700000)
 ParOldGen       total 346112K, used 178473K [0x00000006c0000000, 0x00000006d5200000, 0x000000076ab00000)
  object space 346112K, 51% used [0x00000006c0000000,0x00000006cae4a728,0x00000006d5200000)
 Metaspace       used 19877K, capacity 21174K, committed 21296K, reserved 1067008K
  class space    used 2891K, capacity 3150K, committed 3200K, reserved 1048576K
}
Event: 5.871 GC heap before
{Heap before GC invocations=8 (full 1):
 PSYoungGen      total 282624K, used 282505K [0x000000076ab00000, 0x0000000784280000, 0x00000007c0000000)
  eden space 221696K, 100% used [0x000000076ab00000,0x0000000778380000,0x0000000778380000)
  from space 60928K, 99% used [0x0000000780700000,0x0000000784262798,0x0000000784280000)
  to   space 93696K, 0% used [0x0000000778b80000,0x0000000778b80000,0x000000077e700000)
 ParOldGen       total 346112K, used 178473K [0x00000006c0000000, 0x00000006d5200000, 0x000000076ab00000)
  object space 346112K, 51% used [0x00000006c0000000,0x00000006cae4a728,0x00000006d5200000)
 Metaspace       used 19879K, capacity 21174K, committed 21296K, reserved 1067008K
  class space    used 2891K, capacity 3150K, committed 3200K, reserved 1048576K
Event: 5.966 GC heap after
Heap after GC invocations=8 (full 1):
 PSYoungGen      total 323584K, used 93675K [0x000000076ab00000, 0x0000000793d00000, 0x00000007c0000000)
  eden space 229888K, 0% used [0x000000076ab00000,0x000000076ab00000,0x0000000778b80000)
  from space 93696K, 99% used [0x0000000778b80000,0x000000077e6fae40,0x000000077e700000)
  to   space 150016K, 0% used [0x000000078aa80000,0x000000078aa80000,0x0000000793d00000)
 ParOldGen       total 346112K, used 259521K [0x00000006c0000000, 0x00000006d5200000, 0x000000076ab00000)
  object space 346112K, 74% used [0x00000006c0000000,0x00000006cfd70758,0x00000006d5200000)
 Metaspace       used 19879K, capacity 21174K, committed 21296K, reserved 1067008K
  class space    used 2891K, capacity 3150K, committed 3200K, reserved 1048576K
}
Event: 5.966 GC heap before
{Heap before GC invocations=9 (full 2):
 PSYoungGen      total 323584K, used 93675K [0x000000076ab00000, 0x0000000793d00000, 0x00000007c0000000)
  eden space 229888K, 0% used [0x000000076ab00000,0x000000076ab00000,0x0000000778b80000)
  from space 93696K, 99% used [0x0000000778b80000,0x000000077e6fae40,0x000000077e700000)
  to   space 150016K, 0% used [0x000000078aa80000,0x000000078aa80000,0x0000000793d00000)
 ParOldGen       total 346112K, used 259521K [0x00000006c0000000, 0x00000006d5200000, 0x000000076ab00000)
  object space 346112K, 74% used [0x00000006c0000000,0x00000006cfd70758,0x00000006d5200000)
 Metaspace       used 19879K, capacity 21174K, committed 21296K, reserved 1067008K
  class space    used 2891K, capacity 3150K, committed 3200K, reserved 1048576K
Event: 6.513 GC heap after
Heap after GC invocations=9 (full 2):
 PSYoungGen      total 323584K, used 0K [0x000000076ab00000, 0x0000000793d00000, 0x00000007c0000000)
  eden space 229888K, 0% used [0x000000076ab00000,0x000000076ab00000,0x0000000778b80000)
  from space 93696K, 0% used [0x0000000778b80000,0x0000000778b80000,0x000000077e700000)
  to   space 150016K, 0% used [0x000000078aa80000,0x000000078aa80000,0x0000000793d00000)
 ParOldGen       total 498176K, used 266420K [0x00000006c0000000, 0x00000006de680000, 0x000000076ab00000)
  object space 498176K, 53% used [0x00000006c0000000,0x00000006d042d260,0x00000006de680000)
 Metaspace       used 19879K, capacity 21174K, committed 21296K, reserved 1067008K
  class space    used 2891K, capacity 3150K, committed 3200K, reserved 1048576K
}
Event: 6.706 GC heap before
{Heap before GC invocations=10 (full 2):
 PSYoungGen      total 323584K, used 229888K [0x000000076ab00000, 0x0000000793d00000, 0x00000007c0000000)
  eden space 229888K, 100% used [0x000000076ab00000,0x0000000778b80000,0x0000000778b80000)
  from space 93696K, 0% used [0x0000000778b80000,0x0000000778b80000,0x000000077e700000)
  to   space 150016K, 0% used [0x000000078aa80000,0x000000078aa80000,0x0000000793d00000)
 ParOldGen       total 498176K, used 266420K [0x00000006c0000000, 0x00000006de680000, 0x000000076ab00000)
  object space 498176K, 53% used [0x00000006c0000000,0x00000006d042d260,0x00000006de680000)
 Metaspace       used 19953K, capacity 21288K, committed 21552K, reserved 1067008K
  class space    used 2901K, capacity 3159K, committed 3200K, reserved 1048576K
Event: 6.765 GC heap after
Heap after GC invocations=10 (full 2):
 PSYoungGen      total 411136K, used 100201K [0x000000076ab00000, 0x0000000790c80000, 0x00000007c0000000)
  eden space 310784K, 0% used [0x000000076ab00000,0x000000076ab00000,0x000000077da80000)
  from space 100352K, 99% used [0x000000078aa80000,0x0000000790c5a798,0x0000000790c80000)
  to   space 154112K, 0% used [0x000000077df80000,0x000000077df80000,0x0000000787600000)
 ParOldGen       total 498176K, used 266420K [0x00000006c0000000, 0x00000006de680000, 0x000000076ab00000)
  object space 498176K, 53% used [0x00000006c0000000,0x00000006d042d260,0x00000006de680000)
 Metaspace       used 19953K, capacity 21288K, committed 21552K, reserved 1067008K
  class space    used 2901K, capacity 3159K, committed 3200K, reserved 1048576K
}

Deoptimization events (10 events):
Event: 6.823 Thread 0x00007fa35e127800 Uncommon trap: reason=bimorphic action=maybe_recompile pc=0x000000010fad9d74 method=javafx.beans.property.BooleanPropertyBase.get()Z @ 23
Event: 6.823 Thread 0x00007fa35e127800 Uncommon trap: reason=bimorphic action=maybe_recompile pc=0x000000010fad9d74 method=javafx.beans.property.BooleanPropertyBase.get()Z @ 23
Event: 6.823 Thread 0x00007fa35e127800 Uncommon trap: reason=bimorphic action=maybe_recompile pc=0x000000010fad9d74 method=javafx.beans.property.BooleanPropertyBase.get()Z @ 23
Event: 6.823 Thread 0x00007fa35e127800 Uncommon trap: reason=bimorphic action=maybe_recompile pc=0x000000010fad9d74 method=javafx.beans.property.BooleanPropertyBase.get()Z @ 23
Event: 6.823 Thread 0x00007fa35e127800 Uncommon trap: reason=bimorphic action=maybe_recompile pc=0x000000010fcf9f1c method=com.sun.javafx.css.CompoundSelector.stateMatches(Ljavafx/css/Styleable;Ljava/util/Set;I)Z @ 160
Event: 6.833 Thread 0x00007fa35e127800 Uncommon trap: reason=unloaded action=reinterpret pc=0x000000010f76a6e4 method=java.util.ArrayList.rangeCheck(I)V @ 8
Event: 9.322 Thread 0x00007fa35e127800 Uncommon trap: reason=null_check action=make_not_entrant pc=0x000000010fd9802c method=javafx.scene.CssStyleHelper.getCachedFont(Ljavafx/css/Styleable;)Lcom/sun/javafx/css/CalculatedValue; @ 1
Event: 9.337 Thread 0x00007fa35e127800 Uncommon trap: reason=bimorphic action=maybe_recompile pc=0x000000010fcf9f1c method=com.sun.javafx.css.CompoundSelector.stateMatches(Ljavafx/css/Styleable;Ljava/util/Set;I)Z @ 160
Event: 10.390 Thread 0x00007fa35e127800 Uncommon trap: reason=class_check action=maybe_recompile pc=0x000000010fea8878 method=javafx.scene.CssStyleHelper.transitionToState(Ljavafx/scene/Node;)V @ 550
Event: 10.456 Thread 0x00007fa35e127800 Uncommon trap: reason=class_check action=maybe_recompile pc=0x000000010fea8878 method=javafx.scene.CssStyleHelper.transitionToState(Ljavafx/scene/Node;)V @ 550

Internal exceptions (10 events):
Event: 4.319 Thread 0x00007fa35b813800 Exception <a 'java/net/SocketException': Socket closed> (0x000000076ac31b00) thrown at [/Users/java_re/workspace/8-2-build-macosx-x86_64/jdk8u31/2394/hotspot/src/share/vm/prims/jni.cpp, line 742]
Event: 5.169 Thread 0x00007fa35b813800 Exception <a 'java/net/SocketException': Socket closed> (0x000000076ad760e8) thrown at [/Users/java_re/workspace/8-2-build-macosx-x86_64/jdk8u31/2394/hotspot/src/share/vm/prims/jni.cpp, line 742]
Event: 6.513 Thread 0x00007fa35b813800 Exception <a 'java/net/SocketException': Socket closed> (0x000000076af69ef0) thrown at [/Users/java_re/workspace/8-2-build-macosx-x86_64/jdk8u31/2394/hotspot/src/share/vm/prims/jni.cpp, line 742]
Event: 6.514 Thread 0x00007fa35b813800 Exception <a 'java/net/SocketException': Socket closed> (0x000000076af6a298) thrown at [/Users/java_re/workspace/8-2-build-macosx-x86_64/jdk8u31/2394/hotspot/src/share/vm/prims/jni.cpp, line 742]
Event: 6.678 Thread 0x00007fa35e127800 Exception <a 'java/security/PrivilegedActionException'> (0x00000007789e0638) thrown at [/Users/java_re/workspace/8-2-build-macosx-x86_64/jdk8u31/2394/hotspot/src/share/vm/prims/jvm.cpp, line 1312]
Event: 6.833 Thread 0x00007fa35e127800 Exception <a 'java/lang/IndexOutOfBoundsException'> (0x000000076af1a260) thrown at [/Users/java_re/workspace/8-2-build-macosx-x86_64/jdk8u31/2394/hotspot/src/share/vm/prims/jvm.cpp, line 1316]
Event: 9.322 Thread 0x00007fa35e127800 Implicit null exception at 0x000000010fd91014 to 0x000000010fd98015
Event: 9.339 Thread 0x00007fa35e127800 Exception <a 'java/lang/IndexOutOfBoundsException'> (0x000000076b089510) thrown at [/Users/java_re/workspace/8-2-build-macosx-x86_64/jdk8u31/2394/hotspot/src/share/vm/prims/jvm.cpp, line 1316]
Event: 17.259 Thread 0x00007fa35e127800 Exception <a 'java/lang/IndexOutOfBoundsException'> (0x000000076b1d1670) thrown at [/Users/java_re/workspace/8-2-build-macosx-x86_64/jdk8u31/2394/hotspot/src/share/vm/prims/jvm.cpp, line 1316]
Event: 181.810 Thread 0x00007fa35e127800 Exception <a 'java/lang/IndexOutOfBoundsException'> (0x000000076ba03660) thrown at [/Users/java_re/workspace/8-2-build-macosx-x86_64/jdk8u31/2394/hotspot/src/share/vm/prims/jvm.cpp, line 1316]

Events (10 events):
Event: 181.961 Thread 0x00007fa35b05c000 Thread exited: 0x00007fa35b05c000
Event: 181.962 Thread 0x00007fa35b8b3000 Thread exited: 0x00007fa35b8b3000
Event: 181.962 Thread 0x00007fa35c005800 Thread exited: 0x00007fa35c005800
Event: 181.962 Thread 0x00007fa362000000 Thread added: 0x00007fa362000000
Event: 181.962 Thread 0x00007fa35e127800 Thread exited: 0x00007fa35e127800
Event: 181.962 loading class java/util/IdentityHashMap$KeyIterator
Event: 181.962 loading class java/util/IdentityHashMap$IdentityHashMapIterator
Event: 181.962 loading class java/util/IdentityHashMap$IdentityHashMapIterator done
Event: 181.962 loading class java/util/IdentityHashMap$KeyIterator done
Event: 181.962 Thread 0x00007fa362000000 Thread exited: 0x00007fa362000000


Dynamic libraries:
0x00000000090a8000 	/System/Library/Frameworks/Cocoa.framework/Versions/A/Cocoa
0x00000000090a8000 	/System/Library/Frameworks/Security.framework/Versions/A/Security
0x00000000090a8000 	/System/Library/Frameworks/ApplicationServices.framework/Versions/A/ApplicationServices
0x00000000090a8000 	/usr/lib/libz.1.dylib
0x00000000090a8000 	/usr/lib/libSystem.B.dylib
0x00000000090a8000 	/usr/lib/libobjc.A.dylib
0x00000000090a8000 	/System/Library/Frameworks/CoreFoundation.framework/Versions/A/CoreFoundation
0x00000000090a8000 	/System/Library/Frameworks/Foundation.framework/Versions/C/Foundation
0x00000000090a8000 	/System/Library/Frameworks/AppKit.framework/Versions/C/AppKit
0x00000000090a8000 	/System/Library/Frameworks/CoreData.framework/Versions/A/CoreData
0x00000000090a8000 	/System/Library/PrivateFrameworks/RemoteViewServices.framework/Versions/A/RemoteViewServices
0x00000000090a8000 	/System/Library/PrivateFrameworks/UIFoundation.framework/Versions/A/UIFoundation
0x00000000090a8000 	/usr/lib/libScreenReader.dylib
0x00000000090a8000 	/System/Library/Frameworks/Accelerate.framework/Versions/A/Accelerate
0x00000000090a8000 	/System/Library/Frameworks/IOSurface.framework/Versions/A/IOSurface
0x00000000090a8000 	/System/Library/Frameworks/AudioToolbox.framework/Versions/A/AudioToolbox
0x00000000090a8000 	/System/Library/Frameworks/AudioUnit.framework/Versions/A/AudioUnit
0x00000000090a8000 	/System/Library/PrivateFrameworks/DataDetectorsCore.framework/Versions/A/DataDetectorsCore
0x00000000090a8000 	/System/Library/PrivateFrameworks/DesktopServicesPriv.framework/Versions/A/DesktopServicesPriv
0x00000000090a8000 	/System/Library/Frameworks/Carbon.framework/Versions/A/Frameworks/HIToolbox.framework/Versions/A/HIToolbox
0x00000000090a8000 	/System/Library/Frameworks/QuartzCore.framework/Versions/A/QuartzCore
0x00000000090a8000 	/System/Library/Frameworks/Carbon.framework/Versions/A/Frameworks/SpeechRecognition.framework/Versions/A/SpeechRecognition
0x00000000090a8000 	/usr/lib/libauto.dylib
0x00000000090a8000 	/usr/lib/libicucore.A.dylib
0x00000000090a8000 	/usr/lib/libxml2.2.dylib
0x00000000090a8000 	/System/Library/PrivateFrameworks/CoreUI.framework/Versions/A/CoreUI
0x00000000090a8000 	/System/Library/Frameworks/CoreAudio.framework/Versions/A/CoreAudio
0x00000000090a8000 	/System/Library/Frameworks/DiskArbitration.framework/Versions/A/DiskArbitration
0x00000000090a8000 	/usr/lib/liblangid.dylib
0x00000000090a8000 	/System/Library/PrivateFrameworks/MultitouchSupport.framework/Versions/A/MultitouchSupport
0x00000000090a8000 	/System/Library/Frameworks/IOKit.framework/Versions/A/IOKit
0x00000000090a8000 	/usr/lib/libDiagnosticMessagesClient.dylib
0x00000000090a8000 	/System/Library/Frameworks/CoreServices.framework/Versions/A/CoreServices
0x00000000090a8000 	/System/Library/PrivateFrameworks/PerformanceAnalysis.framework/Versions/A/PerformanceAnalysis
0x00000000090a8000 	/System/Library/PrivateFrameworks/GenerationalStorage.framework/Versions/A/GenerationalStorage
0x00000000090a8000 	/System/Library/Frameworks/OpenGL.framework/Versions/A/OpenGL
0x00000000090a8000 	/System/Library/PrivateFrameworks/Sharing.framework/Versions/A/Sharing
0x00000000090a8000 	/System/Library/Frameworks/CoreGraphics.framework/Versions/A/CoreGraphics
0x00000000090a8000 	/System/Library/Frameworks/CoreImage.framework/Versions/A/CoreImage
0x00000000090a8000 	/System/Library/Frameworks/CoreText.framework/Versions/A/CoreText
0x00000000090a8000 	/System/Library/Frameworks/ImageIO.framework/Versions/A/ImageIO
0x00000000090a8000 	/System/Library/PrivateFrameworks/Backup.framework/Versions/A/Backup
0x00000000090a8000 	/usr/lib/libextension.dylib
0x00000000090a8000 	/usr/lib/libarchive.2.dylib
0x00000000090a8000 	/System/Library/Frameworks/CFNetwork.framework/Versions/A/CFNetwork
0x00000000090a8000 	/System/Library/Frameworks/SystemConfiguration.framework/Versions/A/SystemConfiguration
0x00000000090a8000 	/usr/lib/libCRFSuite.dylib
0x00000000090a8000 	/usr/lib/libc++.1.dylib
0x00000000090a8000 	/usr/lib/libc++abi.dylib
0x00000000090a8000 	/usr/lib/system/libcache.dylib
0x00000000090a8000 	/usr/lib/system/libcommonCrypto.dylib
0x00000000090a8000 	/usr/lib/system/libcompiler_rt.dylib
0x00000000090a8000 	/usr/lib/system/libcopyfile.dylib
0x00000000090a8000 	/usr/lib/system/libcorecrypto.dylib
0x00000000090a8000 	/usr/lib/system/libdispatch.dylib
0x00000000090a8000 	/usr/lib/system/libdyld.dylib
0x00000000090a8000 	/usr/lib/system/libkeymgr.dylib
0x00000000090a8000 	/usr/lib/system/liblaunch.dylib
0x00000000090a8000 	/usr/lib/system/libmacho.dylib
0x00000000090a8000 	/usr/lib/system/libquarantine.dylib
0x00000000090a8000 	/usr/lib/system/libremovefile.dylib
0x00000000090a8000 	/usr/lib/system/libsystem_asl.dylib
0x00000000090a8000 	/usr/lib/system/libsystem_blocks.dylib
0x00000000090a8000 	/usr/lib/system/libsystem_c.dylib
0x00000000090a8000 	/usr/lib/system/libsystem_configuration.dylib
0x00000000090a8000 	/usr/lib/system/libsystem_coreservices.dylib
0x00000000090a8000 	/usr/lib/system/libsystem_coretls.dylib
0x00000000090a8000 	/usr/lib/system/libsystem_dnssd.dylib
0x00000000090a8000 	/usr/lib/system/libsystem_info.dylib
0x00000000090a8000 	/usr/lib/system/libsystem_kernel.dylib
0x00000000090a8000 	/usr/lib/system/libsystem_m.dylib
0x00000000090a8000 	/usr/lib/system/libsystem_malloc.dylib
0x00000000090a8000 	/usr/lib/system/libsystem_network.dylib
0x00000000090a8000 	/usr/lib/system/libsystem_networkextension.dylib
0x00000000090a8000 	/usr/lib/system/libsystem_notify.dylib
0x00000000090a8000 	/usr/lib/system/libsystem_platform.dylib
0x00000000090a8000 	/usr/lib/system/libsystem_pthread.dylib
0x00000000090a8000 	/usr/lib/system/libsystem_sandbox.dylib
0x00000000090a8000 	/usr/lib/system/libsystem_secinit.dylib
0x00000000090a8000 	/usr/lib/system/libsystem_trace.dylib
0x00000000090a8000 	/usr/lib/system/libunc.dylib
0x00000000090a8000 	/usr/lib/system/libunwind.dylib
0x00000000090a8000 	/usr/lib/system/libxpc.dylib
0x00000000090a8000 	/usr/lib/libenergytrace.dylib
0x00000000090a8000 	/usr/lib/libbsm.0.dylib
0x00000000090a8000 	/usr/lib/system/libkxld.dylib
0x00000000090a8000 	/usr/lib/libxar.1.dylib
0x00000000090a8000 	/usr/lib/libsqlite3.dylib
0x00000000090a8000 	/usr/lib/libpam.2.dylib
0x00000000090a8000 	/usr/lib/libOpenScriptingUtil.dylib
0x00000000090a8000 	/usr/lib/libbz2.1.0.dylib
0x00000000090a8000 	/usr/lib/liblzma.5.dylib
0x00000000090a8000 	/System/Library/Frameworks/CoreServices.framework/Versions/A/Frameworks/FSEvents.framework/Versions/A/FSEvents
0x00000000090a8000 	/System/Library/Frameworks/CoreServices.framework/Versions/A/Frameworks/CarbonCore.framework/Versions/A/CarbonCore
0x00000000090a8000 	/System/Library/Frameworks/CoreServices.framework/Versions/A/Frameworks/Metadata.framework/Versions/A/Metadata
0x00000000090a8000 	/System/Library/Frameworks/CoreServices.framework/Versions/A/Frameworks/OSServices.framework/Versions/A/OSServices
0x00000000090a8000 	/System/Library/Frameworks/CoreServices.framework/Versions/A/Frameworks/SearchKit.framework/Versions/A/SearchKit
0x00000000090a8000 	/System/Library/Frameworks/CoreServices.framework/Versions/A/Frameworks/AE.framework/Versions/A/AE
0x00000000090a8000 	/System/Library/Frameworks/CoreServices.framework/Versions/A/Frameworks/LaunchServices.framework/Versions/A/LaunchServices
0x00000000090a8000 	/System/Library/Frameworks/CoreServices.framework/Versions/A/Frameworks/DictionaryServices.framework/Versions/A/DictionaryServices
0x00000000090a8000 	/System/Library/Frameworks/CoreServices.framework/Versions/A/Frameworks/SharedFileList.framework/Versions/A/SharedFileList
0x00000000090a8000 	/System/Library/Frameworks/NetFS.framework/Versions/A/NetFS
0x00000000090a8000 	/System/Library/PrivateFrameworks/NetAuth.framework/Versions/A/NetAuth
0x00000000090a8000 	/System/Library/PrivateFrameworks/login.framework/Versions/A/Frameworks/loginsupport.framework/Versions/A/loginsupport
0x00000000090a8000 	/System/Library/PrivateFrameworks/TCC.framework/Versions/A/TCC
0x00000000090a8000 	/usr/lib/libmecabra.dylib
0x00000000090a8000 	/System/Library/Frameworks/ApplicationServices.framework/Versions/A/Frameworks/ATS.framework/Versions/A/ATS
0x00000000090a8000 	/System/Library/Frameworks/ApplicationServices.framework/Versions/A/Frameworks/ColorSync.framework/Versions/A/ColorSync
0x00000000090a8000 	/System/Library/Frameworks/ApplicationServices.framework/Versions/A/Frameworks/HIServices.framework/Versions/A/HIServices
0x00000000090a8000 	/System/Library/Frameworks/ApplicationServices.framework/Versions/A/Frameworks/LangAnalysis.framework/Versions/A/LangAnalysis
0x00000000090a8000 	/System/Library/Frameworks/ApplicationServices.framework/Versions/A/Frameworks/PrintCore.framework/Versions/A/PrintCore
0x00000000090a8000 	/System/Library/Frameworks/ApplicationServices.framework/Versions/A/Frameworks/QD.framework/Versions/A/QD
0x00000000090a8000 	/System/Library/Frameworks/ApplicationServices.framework/Versions/A/Frameworks/SpeechSynthesis.framework/Versions/A/SpeechSynthesis
0x00000000090a8000 	/System/Library/Frameworks/Metal.framework/Versions/A/Metal
0x00000000090a8000 	/System/Library/Frameworks/Accelerate.framework/Versions/A/Frameworks/vImage.framework/Versions/A/vImage
0x00000000090a8000 	/System/Library/Frameworks/Accelerate.framework/Versions/A/Frameworks/vecLib.framework/Versions/A/vecLib
0x00000000090a8000 	/System/Library/Frameworks/Accelerate.framework/Versions/A/Frameworks/vecLib.framework/Versions/A/libvDSP.dylib
0x00000000090a8000 	/System/Library/Frameworks/Accelerate.framework/Versions/A/Frameworks/vecLib.framework/Versions/A/libvMisc.dylib
0x00000000090a8000 	/System/Library/Frameworks/Accelerate.framework/Versions/A/Frameworks/vecLib.framework/Versions/A/libLAPACK.dylib
0x00000000090a8000 	/System/Library/Frameworks/Accelerate.framework/Versions/A/Frameworks/vecLib.framework/Versions/A/libBLAS.dylib
0x00000000090a8000 	/System/Library/Frameworks/Accelerate.framework/Versions/A/Frameworks/vecLib.framework/Versions/A/libLinearAlgebra.dylib
0x00000000090a8000 	/System/Library/Frameworks/Accelerate.framework/Versions/A/Frameworks/vecLib.framework/Versions/A/libSparseBLAS.dylib
0x00000000090a8000 	/System/Library/PrivateFrameworks/GPUCompiler.framework/libmetal_timestamp.dylib
0x00000000090a8000 	/System/Library/Frameworks/OpenGL.framework/Versions/A/Libraries/libCoreFSCache.dylib
0x00000000090a8000 	/System/Library/PrivateFrameworks/IOAccelerator.framework/Versions/A/IOAccelerator
0x00000000090a8000 	/System/Library/Frameworks/ApplicationServices.framework/Versions/A/Frameworks/ATS.framework/Versions/A/Resources/libFontParser.dylib
0x00000000090a8000 	/System/Library/Frameworks/ApplicationServices.framework/Versions/A/Frameworks/ATS.framework/Versions/A/Resources/libFontRegistry.dylib
0x00000000090a8000 	/System/Library/PrivateFrameworks/AppleVPA.framework/Versions/A/AppleVPA
0x00000000090a8000 	/System/Library/PrivateFrameworks/AppleJPEG.framework/Versions/A/AppleJPEG
0x00000000090a8000 	/System/Library/Frameworks/ImageIO.framework/Versions/A/Resources/libJPEG.dylib
0x00000000090a8000 	/System/Library/Frameworks/ImageIO.framework/Versions/A/Resources/libTIFF.dylib
0x00000000090a8000 	/System/Library/Frameworks/ImageIO.framework/Versions/A/Resources/libPng.dylib
0x00000000090a8000 	/System/Library/Frameworks/ImageIO.framework/Versions/A/Resources/libGIF.dylib
0x00000000090a8000 	/System/Library/Frameworks/ImageIO.framework/Versions/A/Resources/libJP2.dylib
0x00000000090a8000 	/System/Library/Frameworks/ImageIO.framework/Versions/A/Resources/libRadiance.dylib
0x00000000090a8000 	/System/Library/Frameworks/CoreVideo.framework/Versions/A/CoreVideo
0x00000000090a8000 	/System/Library/Frameworks/OpenGL.framework/Versions/A/Libraries/libGLU.dylib
0x00000000090a8000 	/System/Library/Frameworks/OpenGL.framework/Versions/A/Libraries/libGFXShared.dylib
0x00000000090a8000 	/System/Library/Frameworks/OpenGL.framework/Versions/A/Libraries/libGL.dylib
0x00000000090a8000 	/System/Library/Frameworks/OpenGL.framework/Versions/A/Libraries/libGLImage.dylib
0x00000000090a8000 	/System/Library/Frameworks/OpenGL.framework/Versions/A/Libraries/libCVMSPluginSupport.dylib
0x00000000090a8000 	/System/Library/Frameworks/OpenGL.framework/Versions/A/Libraries/libCoreVMClient.dylib
0x00000000090a8000 	/usr/lib/libcups.2.dylib
0x00000000090a8000 	/System/Library/Frameworks/Kerberos.framework/Versions/A/Kerberos
0x00000000090a8000 	/System/Library/Frameworks/GSS.framework/Versions/A/GSS
0x00000000090a8000 	/usr/lib/libresolv.9.dylib
0x00000000090a8000 	/usr/lib/libiconv.2.dylib
0x00000000090a8000 	/System/Library/PrivateFrameworks/Heimdal.framework/Versions/A/Heimdal
0x00000000090a8000 	/usr/lib/libheimdal-asn1.dylib
0x00000000090a8000 	/System/Library/Frameworks/OpenDirectory.framework/Versions/A/OpenDirectory
0x00000000090a8000 	/System/Library/PrivateFrameworks/CommonAuth.framework/Versions/A/CommonAuth
0x00000000090a8000 	/System/Library/Frameworks/OpenDirectory.framework/Versions/A/Frameworks/CFOpenDirectory.framework/Versions/A/CFOpenDirectory
0x00000000090a8000 	/System/Library/Frameworks/SecurityFoundation.framework/Versions/A/SecurityFoundation
0x00000000090a8000 	/System/Library/PrivateFrameworks/LanguageModeling.framework/Versions/A/LanguageModeling
0x00000000090a8000 	/usr/lib/libmarisa.dylib
0x00000000090a8000 	/usr/lib/libChineseTokenizer.dylib
0x00000000090a8000 	/usr/lib/libcmph.dylib
0x00000000090a8000 	/usr/lib/libcompression.dylib
0x00000000090a8000 	/System/Library/Frameworks/ServiceManagement.framework/Versions/A/ServiceManagement
0x00000000090a8000 	/usr/lib/libxslt.1.dylib
0x00000000090a8000 	/System/Library/Frameworks/Carbon.framework/Versions/A/Frameworks/Ink.framework/Versions/A/Ink
0x00000000090a8000 	/usr/lib/libFosl_dynamic.dylib
0x00000000090a8000 	/System/Library/PrivateFrameworks/FaceCore.framework/Versions/A/FaceCore
0x00000000090a8000 	/System/Library/Frameworks/OpenCL.framework/Versions/A/OpenCL
0x00000000090a8000 	/System/Library/PrivateFrameworks/CrashReporterSupport.framework/Versions/A/CrashReporterSupport
0x00000000090a8000 	/System/Library/PrivateFrameworks/IconServices.framework/Versions/A/IconServices
0x00000000090a8000 	/System/Library/PrivateFrameworks/Apple80211.framework/Versions/A/Apple80211
0x00000000090a8000 	/System/Library/Frameworks/CoreWLAN.framework/Versions/A/CoreWLAN
0x00000000090a8000 	/System/Library/Frameworks/IOBluetooth.framework/Versions/A/IOBluetooth
0x00000000090a8000 	/System/Library/PrivateFrameworks/CoreWiFi.framework/Versions/A/CoreWiFi
0x00000000090a8000 	/System/Library/Frameworks/CoreBluetooth.framework/Versions/A/CoreBluetooth
0x00000000090a8000 	/System/Library/PrivateFrameworks/ChunkingLibrary.framework/Versions/A/ChunkingLibrary
0x00000000090a8000 	/System/Library/PrivateFrameworks/DebugSymbols.framework/Versions/A/DebugSymbols
0x00000000090a8000 	/System/Library/PrivateFrameworks/CoreSymbolication.framework/Versions/A/CoreSymbolication
0x00000000090a8000 	/System/Library/PrivateFrameworks/Symbolication.framework/Versions/A/Symbolication
0x00000000090a8000 	/System/Library/PrivateFrameworks/SpeechRecognitionCore.framework/Versions/A/SpeechRecognitionCore
0x000000010e600000 	/Library/Java/JavaVirtualMachines/jdk1.8.0_31.jdk/Contents/Home/jre/lib/server/libjvm.dylib
0x00000000090a8000 	/usr/lib/libstdc++.6.dylib
0x000000010d4bc000 	/Library/Java/JavaVirtualMachines/jdk1.8.0_31.jdk/Contents/Home/jre/lib/libverify.dylib
0x000000010d4ca000 	/Library/Java/JavaVirtualMachines/jdk1.8.0_31.jdk/Contents/Home/jre/lib/libjava.dylib
0x000000010d508000 	/Library/Java/JavaVirtualMachines/jdk1.8.0_31.jdk/Contents/Home/jre/lib/libzip.dylib
0x000000010d5e5000 	/System/Library/Frameworks/JavaVM.framework/Frameworks/JavaRuntimeSupport.framework/JavaRuntimeSupport
0x000000012a4ff000 	/System/Library/Frameworks/JavaVM.framework/Versions/A/Frameworks/JavaNativeFoundation.framework/Versions/A/JavaNativeFoundation
0x000000012a514000 	/System/Library/Frameworks/JavaVM.framework/Versions/A/JavaVM
0x00000000090a8000 	/System/Library/Frameworks/Carbon.framework/Versions/A/Carbon
0x000000012a521000 	/System/Library/PrivateFrameworks/JavaLaunching.framework/Versions/A/JavaLaunching
0x00000000090a8000 	/System/Library/Frameworks/Carbon.framework/Versions/A/Frameworks/CommonPanels.framework/Versions/A/CommonPanels
0x00000000090a8000 	/System/Library/Frameworks/Carbon.framework/Versions/A/Frameworks/Help.framework/Versions/A/Help
0x00000000090a8000 	/System/Library/Frameworks/Carbon.framework/Versions/A/Frameworks/ImageCapture.framework/Versions/A/ImageCapture
0x00000000090a8000 	/System/Library/Frameworks/Carbon.framework/Versions/A/Frameworks/OpenScripting.framework/Versions/A/OpenScripting
0x00000000090a8000 	/System/Library/Frameworks/Carbon.framework/Versions/A/Frameworks/Print.framework/Versions/A/Print
0x00000000090a8000 	/System/Library/Frameworks/Carbon.framework/Versions/A/Frameworks/SecurityHI.framework/Versions/A/SecurityHI
0x000000012bf0b000 	/Library/Java/JavaVirtualMachines/jdk1.8.0_31.jdk/Contents/Home/jre/lib/libprism_es2.dylib
0x00000000090a8000 	/System/Library/Frameworks/OpenGL.framework/Versions/A/Resources/GLEngine.bundle/GLEngine
0x00000000090a8000 	/System/Library/Frameworks/OpenGL.framework/Versions/A/Libraries/libGLProgrammability.dylib
0x000000012bf8c000 	/System/Library/Extensions/AppleIntelHD5000GraphicsGLDriver.bundle/Contents/MacOS/AppleIntelHD5000GraphicsGLDriver
0x00000000090a8000 	/System/Library/PrivateFrameworks/GPUSupport.framework/Versions/A/Libraries/libGPUSupportMercury.dylib
0x00000000090a8000 	/System/Library/Frameworks/OpenGL.framework/Versions/A/Resources/GLRendererFloat.bundle/GLRendererFloat
0x00000000090a8000 	/System/Library/Frameworks/OpenCL.framework/Versions/A/Libraries/libcldcpuengine.dylib
0x00000000090a8000 	/System/Library/PrivateFrameworks/DiskImages.framework/Versions/A/DiskImages
0x00000000090a8000 	/System/Library/Frameworks/DiscRecording.framework/Versions/A/DiscRecording
0x00000000090a8000 	/usr/lib/libcsfde.dylib
0x00000000090a8000 	/usr/lib/libcurl.4.dylib
0x00000000090a8000 	/System/Library/PrivateFrameworks/MediaKit.framework/Versions/A/MediaKit
0x00000000090a8000 	/System/Library/PrivateFrameworks/ProtectedCloudStorage.framework/Versions/A/ProtectedCloudStorage
0x00000000090a8000 	/usr/lib/libCoreStorage.dylib
0x00000000090a8000 	/System/Library/PrivateFrameworks/EFILogin.framework/Versions/A/EFILogin
0x00000000090a8000 	/usr/lib/libutil.dylib
0x00000000090a8000 	/System/Library/PrivateFrameworks/FindMyDevice.framework/Versions/A/FindMyDevice
0x00000000090a8000 	/System/Library/Frameworks/LDAP.framework/Versions/A/LDAP
0x00000000090a8000 	/usr/lib/libsasl2.2.dylib
0x00000000090a8000 	/System/Library/PrivateFrameworks/CoreDaemon.framework/Versions/B/CoreDaemon
0x00000000090a8000 	/usr/lib/libcrypto.0.9.8.dylib
0x00000000090a8000 	/System/Library/PrivateFrameworks/AppleSRP.framework/Versions/A/AppleSRP
0x00000000090a8000 	/System/Library/PrivateFrameworks/TrustEvaluationAgent.framework/Versions/A/TrustEvaluationAgent
0x000000012cb0e000 	/Library/Java/JavaVirtualMachines/jdk1.8.0_31.jdk/Contents/Home/jre/lib/libglass.dylib
0x00000000090a8000 	/System/Library/PrivateFrameworks/CoreServicesInternal.framework/Versions/A/CoreServicesInternal
0x00000000090a8000 	/System/Library/CoreServices/RawCamera.bundle/Contents/MacOS/RawCamera
0x00000000090a8000 	/System/Library/Frameworks/CoreGraphics.framework/Versions/A/Resources/libRIP.A.dylib
0x00000000090a8000 	/System/Library/Frameworks/Accelerate.framework/Versions/A/Frameworks/vImage.framework/Versions/A/Libraries/libCGInterfaces.dylib
0x00000000090a8000 	/System/Library/PrivateFrameworks/FamilyControls.framework/Versions/A/FamilyControls
0x00000000090a8000 	/System/Library/PrivateFrameworks/CommerceKit.framework/Versions/A/Frameworks/CommerceCore.framework/Versions/A/CommerceCore
0x00000000090a8000 	/System/Library/PrivateFrameworks/SystemAdministration.framework/Versions/A/SystemAdministration
0x00000000090a8000 	/System/Library/PrivateFrameworks/AppContainer.framework/Versions/A/AppContainer
0x00000000090a8000 	/System/Library/PrivateFrameworks/SecCodeWrapper.framework/Versions/A/SecCodeWrapper
0x00000000090a8000 	/System/Library/Frameworks/DirectoryService.framework/Versions/A/DirectoryService
0x00000000090a8000 	/System/Library/PrivateFrameworks/LoginUIKit.framework/Versions/A/Frameworks/LoginUICore.framework/Versions/A/LoginUICore
0x00000000090a8000 	/usr/lib/libodfde.dylib
0x000000012fc01000 	/Library/Java/JavaVirtualMachines/jdk1.8.0_31.jdk/Contents/Home/jre/lib/libjavafx_font.dylib
0x00000000090a8000 	/System/Library/Frameworks/CoreGraphics.framework/Versions/A/Resources/libCGXType.A.dylib
0x000000012dcdb000 	cl_kernels
0x00000000090a8000 	/System/Library/Frameworks/OpenCL.framework/Versions/A/Libraries/ImageFormats/unorm8_bgra.dylib
0x00000000090a8000 	/System/Library/Frameworks/OpenCL.framework/Versions/A/Libraries/ImageFormats/unorm8_rgba.dylib
0x000000012fcb0000 	/Library/Java/JavaVirtualMachines/jdk1.8.0_31.jdk/Contents/Home/jre/lib/libprism_common.dylib
0x0000000133f07000 	/System/Library/Extensions/AppleIntelHD5000GraphicsMTLDriver.bundle/Contents/MacOS/AppleIntelHD5000GraphicsMTLDriver
0x0000000130f4a000 	/Library/Java/JavaVirtualMachines/jdk1.8.0_31.jdk/Contents/Home/jre/lib/libnet.dylib

VM Arguments:
jvm_args: -Dfile.encoding=UTF-8 
java_command: application.Main
java_class_path (initial): /Users/Benedikt/Desktop/Schule/GitHub/fussballverein/bin:/Users/Benedikt/Library/sonstiges/postgresql-9.4.1208.jre6.jar
Launcher Type: SUN_STANDARD

Environment Variables:
PATH=/usr/bin:/bin:/usr/sbin:/sbin
SHELL=/bin/bash

Signal Handlers:
SIGSEGV: [libjvm.dylib+0x57a0e7], sa_mask[0]=11111111011111110111111111111111, sa_flags=SA_ONSTACK|SA_RESTART|SA_SIGINFO
SIGBUS: [libjvm.dylib+0x57a0e7], sa_mask[0]=11111111011111110111111111111111, sa_flags=SA_RESTART|SA_SIGINFO
SIGFPE: [libjvm.dylib+0x45af24], sa_mask[0]=11111111011111110111111111111111, sa_flags=SA_RESTART|SA_SIGINFO
SIGPIPE: [libjvm.dylib+0x45af24], sa_mask[0]=11111111011111110111111111111111, sa_flags=SA_RESTART|SA_SIGINFO
SIGXFSZ: [libjvm.dylib+0x45af24], sa_mask[0]=11111111011111110111111111111111, sa_flags=SA_RESTART|SA_SIGINFO
SIGILL: [libjvm.dylib+0x45af24], sa_mask[0]=11111111011111110111111111111111, sa_flags=SA_RESTART|SA_SIGINFO
SIGUSR1: SIG_DFL, sa_mask[0]=00000000000000000000000000000000, sa_flags=none
SIGUSR2: [libjvm.dylib+0x45aa42], sa_mask[0]=00100000000000000000000000000000, sa_flags=SA_RESTART|SA_SIGINFO
SIGHUP: [libjvm.dylib+0x459015], sa_mask[0]=11111111011111110111111111111111, sa_flags=SA_RESTART|SA_SIGINFO
SIGINT: [libjvm.dylib+0x459015], sa_mask[0]=11111111011111110111111111111111, sa_flags=SA_RESTART|SA_SIGINFO
SIGTERM: [libjvm.dylib+0x459015], sa_mask[0]=11111111011111110111111111111111, sa_flags=SA_RESTART|SA_SIGINFO
SIGQUIT: [libjvm.dylib+0x459015], sa_mask[0]=11111111011111110111111111111111, sa_flags=SA_RESTART|SA_SIGINFO


---------------  S Y S T E M  ---------------

OS:Bsduname:Darwin 15.4.0 Darwin Kernel Version 15.4.0: Fri Feb 26 22:08:05 PST 2016; root:xnu-3248.40.184~3/RELEASE_X86_64 x86_64
rlimit: STACK 8192k, CORE 0k, NPROC 709, NOFILE 10240, AS infinity
load average:2.25 2.05 2.04

CPU:total 8 (4 cores per cpu, 2 threads per core) family 6 model 70 stepping 1, cmov, cx8, fxsr, mmx, sse, sse2, sse3, ssse3, sse4.1, sse4.2, popcnt, avx, avx2, aes, clmul, erms, lzcnt, ht, tsc, tscinvbit, bmi1, bmi2

Memory: 4k page, physical 16777216k(866544k free)

/proc/meminfo:


vm_info: Java HotSpot(TM) 64-Bit Server VM (25.31-b07) for bsd-amd64 JRE (1.8.0_31-b13), built on Dec 17 2014 20:45:36 by "java_re" with gcc 4.2.1 (Based on Apple Inc. build 5658) (LLVM build 2336.11.00)

time: Sun Apr 17 16:07:41 2016
elapsed time: 182 seconds (0d 0h 3m 2s)

