#
# A fatal error has been detected by the Java Runtime Environment:
#
#  SIGSEGV (0xb) at pc=0x0000000129a953fd, pid=24760, tid=2571
#
# JRE version: Java(TM) SE Runtime Environment (8.0_31-b13) (build 1.8.0_31-b13)
# Java VM: Java HotSpot(TM) 64-Bit Server VM (25.31-b07 mixed mode bsd-amd64 compressed oops)
# Problematic frame:
# C  [libglass.dylib+0x163fd]  GlassScreenDidChangeScreenParameters+0x9d
#
# Failed to write core dump. Core dumps have been disabled. To enable core dumping, try "ulimit -c unlimited" before starting Java again
#
# If you would like to submit a bug report, please visit:
#   http://bugreport.java.com/bugreport/crash.jsp
#

---------------  T H R E A D  ---------------

Current thread is native thread

siginfo: si_signo: 11 (SIGSEGV), si_code: 1 (SEGV_MAPERR), si_addr: 0x0000000000000000

Registers:
RAX=0x0000000129ac7e40, RBX=0x0000000000000000, RCX=0x0000000000000103, RDX=0x00007fe8d0f8a1a0
RSP=0x00007fff55a4ebf0, RBP=0x00007fff55a4ec00, RSI=0x00007fe8d0f0f558, RDI=0x0000000000000000
R8 =0x0000000000000040, R9 =0x00007fff7b9031e0, R10=0xffffffffffffffff, R11=0x0000000000000246
R12=0x00007fe8d0e69660, R13=0x00007fe8d0f44ed0, R14=0x00007fe8d0f44f90, R15=0x0000000000000000
RIP=0x0000000129a953fd, EFLAGS=0x0000000000010206, ERR=0x0000000000000004
  TRAPNO=0x000000000000000e

Top of Stack: (sp=0x00007fff55a4ebf0)
0x00007fff55a4ebf0:   00007fff55a4ec48 00007fe8d0f44f90
0x00007fff55a4ec00:   00007fff55a4ec10 00007fff9c6adbbc
0x00007fff55a4ec10:   00007fff55a4ec30 00007fff9c6adb4f
0x00007fff55a4ec20:   0000000000000000 0000000000000000
0x00007fff55a4ec30:   00007fff55a4eca0 00007fff9c6adac7
0x00007fff55a4ec40:   00007fff7d2a69d0 00007fff7aa760a0
0x00007fff55a4ec50:   0000000042000000 00007fff9c6adb10
0x00007fff55a4ec60:   00007fff7cdbb720 00007fe8d0f44ed0
0x00007fff55a4ec70:   00007fe8d0e69660 00007fff55a4f448
0x00007fff55a4ec80:   00007fff7cee8780 00007fff55a4f448
0x00007fff55a4ec90:   00007fe8d0f44ed0 00007fff9ca6d9e2
0x00007fff55a4eca0:   00007fff55a4ece0 00007fff9c6ad832
0x00007fff55a4ecb0:   00007fff55a4f2c0 0000000000000000
0x00007fff55a4ecc0:   00007fff7cee8780 00007fff55a4f448
0x00007fff55a4ecd0:   00007fff9b6724c0 00007fff9ca6d9e2
0x00007fff55a4ece0:   00007fff55a4f3f0 00007fff9c66a5e2
0x00007fff55a4ecf0:   00007fff55a4ed40 00007fff93ced258
0x00007fff55a4ed00:   00007fe8d3a01aa0 00007fe8d0e06e20
0x00007fff55a4ed10:   00007fe8d1009048 00007fe8d0f368b0
0x00007fff55a4ed20:   0000000000000000 00007fe8d0f44ff0
0x00007fff55a4ed30:   0000000000000000 0000000000000000
0x00007fff55a4ed40:   00007fff7cdf8bc0 00007fff55a4f2c0
0x00007fff55a4ed50:   0000000000000001 0000000000000100
0x00007fff55a4ed60:   0000000000001e00 00007fff55a4f1c0
0x00007fff55a4ed70:   0000000000000000 0000000000000100
0x00007fff55a4ed80:   00007fff55a4ed00 00007fff7cee8780
0x00007fff55a4ed90:   0000000000000000 00007fff7cdbc500
0x00007fff55a4eda0:   00007fff7cee8780 0000000000000000
0x00007fff55a4edb0:   00007fff7cdbc500 00007fe8d0ebe4f0
0x00007fff55a4edc0:   00007fe8d3a01a00 0000000000000002
0x00007fff55a4edd0:   0000000000000000 00007fff9b6724c0
0x00007fff55a4ede0:   00007fff55a4efa0 00007fff9e743584 

Instructions: (pc=0x0000000129a953fd)
0x0000000129a953dd:   89 df 4c 89 f1 41 ff 90 68 04 00 00 48 8d 05 58
0x0000000129a953ed:   29 03 00 48 8b 30 48 8d 05 46 2a 03 00 48 8b 10
0x0000000129a953fd:   48 8b 0b 30 c0 48 89 df ff 91 68 04 00 00 48 8b
0x0000000129a9540d:   03 48 89 df ff 50 78 48 85 c0 74 36 49 89 c6 48 

Register to memory mapping:

RAX=0x0000000129ac7e40: jScreenNotifySettingsChanged+0 in /Library/Java/JavaVirtualMachines/jdk1.8.0_31.jdk/Contents/Home/jre/lib/libglass.dylib at 0x0000000129a7f000
RBX=0x0000000000000000 is an unknown value
RCX=0x0000000000000103 is an unknown value
RDX=0x00007fe8d0f8a1a0 is an unknown value
RSP=0x00007fff55a4ebf0 is an unknown value
RBP=0x00007fff55a4ec00 is an unknown value
RSI=0x00007fe8d0f0f558 is a global jni handle
RDI=0x0000000000000000 is an unknown value
R8 =0x0000000000000040 is an unknown value
R9 =0x00007fff7b9031e0: __sFX+0x1c0 in /usr/lib/system/libsystem_c.dylib at 0x00007fff97041000
R10=0xffffffffffffffff is an unknown value
R11=0x0000000000000246 is an unknown value
R12=0x00007fe8d0e69660 is an unknown value
R13=0x00007fe8d0f44ed0 is an unknown value
R14=0x00007fe8d0f44f90 is an unknown value
R15=0x0000000000000000 is an unknown value


Stack: [0x00007fff55252000,0x00007fff55a52000],  sp=0x00007fff55a4ebf0,  free space=8178k
Native frames: (J=compiled Java code, j=interpreted, Vv=VM code, C=native code)
C  [libglass.dylib+0x163fd]  GlassScreenDidChangeScreenParameters+0x9d
C  [CoreFoundation+0xa0bbc]  __CFNOTIFICATIONCENTER_IS_CALLING_OUT_TO_AN_OBSERVER__+0xc
C  [CoreFoundation+0xa0b4f]  ___CFXRegistrationPost_block_invoke+0x3f
C  [CoreFoundation+0xa0ac7]  _CFXRegistrationPost+0x197
C  [CoreFoundation+0xa0832]  ___CFXNotificationPost_block_invoke+0x32
C  [CoreFoundation+0x5d5e2]  -[_CFXNotificationRegistrar find:object:observer:enumerator:]+0x782
C  [CoreFoundation+0x5c835]  _CFXNotificationPost+0x2b5
C  [Foundation+0x6fda]  -[NSNotificationCenter postNotificationName:object:userInfo:]+0x42
C  [AppKit+0x41c157]  -[NSApplication _reactToScreenInvalidationImmediately:]+0x17f
C  [AppKit+0x41bfa8]  __44-[NSApplication _reactToScreenInvalidation:]_block_invoke+0x3b
C  [CoreFoundation+0xaa4ac]  __CFRUNLOOP_IS_CALLING_OUT_TO_A_BLOCK__+0xc
C  [CoreFoundation+0x89d05]  __CFRunLoopDoBlocks+0x155
C  [CoreFoundation+0x89a6b]  __CFRunLoopRun+0x92b
C  [CoreFoundation+0x88ed8]  CFRunLoopRunSpecific+0x128
C  [java+0x56cc]  CreateExecutionEnvironment+0x367
C  [java+0x165c]  JLI_Launch+0x7a0
C  [java+0x768a]  main+0x65
C  [java+0xeb4]  start+0x34


---------------  P R O C E S S  ---------------

VM state:at safepoint (normal execution)

VM Mutex/Monitor currently owned by a thread:  ([mutex/lock_event])
[0x00007fe8d0f038e0] Threads_lock - owner thread: 0x00007fe8d3056800
[0x00007fe8d0f03de0] Heap_lock - owner thread: 0x00007fe8d1b3b800

Heap:
 PSYoungGen      total 222720K, used 204361K [0x000000076ab00000, 0x000000077f680000, 0x00000007c0000000)
  eden space 141312K, 97% used [0x000000076ab00000,0x000000077322f960,0x0000000773500000)
  from space 81408K, 80% used [0x0000000778c80000,0x000000077cce2e68,0x000000077dc00000)
  to   space 89600K, 0% used [0x0000000773500000,0x0000000773500000,0x0000000778c80000)
 ParOldGen       total 286208K, used 154222K [0x00000006c0000000, 0x00000006d1780000, 0x000000076ab00000)
  object space 286208K, 53% used [0x00000006c0000000,0x00000006c969b9b8,0x00000006d1780000)
 Metaspace       used 20465K, capacity 21822K, committed 21888K, reserved 1069056K
  class space    used 2933K, capacity 3178K, committed 3200K, reserved 1048576K

Card table byte_map: [0x000000011b8df000,0x000000011c0e0000] byte_map_base: 0x00000001182df000

Marking Bits: (ParMarkBitMap*) 0x000000010be9e410
 Begin Bits: [0x000000011c636000, 0x0000000120636000)
 End Bits:   [0x0000000120636000, 0x0000000124636000)

Polling page: 0x000000010a46f000

CodeCache: size=245760Kb used=9514Kb max_used=9514Kb free=236245Kb
 bounds [0x000000010c51f000, 0x000000010ce7f000, 0x000000011b51f000]
 total_blobs=3536 nmethods=2885 adapters=565
 compilation: enabled

Compilation events (10 events):
Event: 143.190 Thread 0x00007fe8d3066800 2881       3       com.sun.javafx.scene.control.behavior.KeyBinding::getSpecificity (165 bytes)
Event: 143.190 Thread 0x00007fe8d3066800 nmethod 2881 0x000000010ce6b3d0 code [0x000000010ce6b5c0, 0x000000010ce6c218]
Event: 143.193 Thread 0x00007fe8d3066800 2882       1       java.util.concurrent.atomic.AtomicInteger::get (5 bytes)
Event: 143.193 Thread 0x00007fe8d3066800 nmethod 2882 0x000000010ce6b110 code [0x000000010ce6b260, 0x000000010ce6b370]
Event: 143.204 Thread 0x00007fe8d3066800 2883       3       java.lang.reflect.Constructor::setConstructorAccessor (21 bytes)
Event: 143.205 Thread 0x00007fe8d3066800 nmethod 2883 0x000000010ce6aad0 code [0x000000010ce6ac40, 0x000000010ce6b008]
Event: 143.205 Thread 0x00007fe8d3066800 2884       3       sun.reflect.ConstructorAccessorImpl::<init> (5 bytes)
Event: 143.205 Thread 0x00007fe8d3066800 nmethod 2884 0x000000010ce6a650 code [0x000000010ce6a7c0, 0x000000010ce6a9d0]
Event: 143.206 Thread 0x00007fe8d3066800 2885       3       java.util.concurrent.locks.ReentrantLock$NonfairSync::lock (25 bytes)
Event: 143.207 Thread 0x00007fe8d3066800 nmethod 2885 0x000000010ce6f710 code [0x000000010ce6f8e0, 0x000000010ce70118]

GC Heap History (10 events):
Event: 2.981 GC heap before
{Heap before GC invocations=4 (full 1):
 PSYoungGen      total 76288K, used 65536K [0x000000076ab00000, 0x0000000774000000, 0x00000007c0000000)
  eden space 65536K, 100% used [0x000000076ab00000,0x000000076eb00000,0x000000076eb00000)
  from space 10752K, 0% used [0x000000076f580000,0x000000076f580000,0x0000000770000000)
  to   space 10752K, 0% used [0x000000076eb00000,0x000000076eb00000,0x000000076f580000)
 ParOldGen       total 125440K, used 24612K [0x00000006c0000000, 0x00000006c7a80000, 0x000000076ab00000)
  object space 125440K, 19% used [0x00000006c0000000,0x00000006c1809140,0x00000006c7a80000)
 Metaspace       used 19954K, capacity 21192K, committed 21296K, reserved 1067008K
  class space    used 2898K, capacity 3155K, committed 3200K, reserved 1048576K
Event: 3.003 GC heap after
Heap after GC invocations=4 (full 1):
 PSYoungGen      total 76288K, used 10743K [0x000000076ab00000, 0x0000000772f00000, 0x00000007c0000000)
  eden space 65536K, 0% used [0x000000076ab00000,0x000000076ab00000,0x000000076eb00000)
  from space 10752K, 99% used [0x000000076eb00000,0x000000076f57de70,0x000000076f580000)
  to   space 10752K, 0% used [0x0000000772480000,0x0000000772480000,0x0000000772f00000)
 ParOldGen       total 125440K, used 53124K [0x00000006c0000000, 0x00000006c7a80000, 0x000000076ab00000)
  object space 125440K, 42% used [0x00000006c0000000,0x00000006c33e1140,0x00000006c7a80000)
 Metaspace       used 19954K, capacity 21192K, committed 21296K, reserved 1067008K
  class space    used 2898K, capacity 3155K, committed 3200K, reserved 1048576K
}
Event: 3.219 GC heap before
{Heap before GC invocations=5 (full 1):
 PSYoungGen      total 76288K, used 76279K [0x000000076ab00000, 0x0000000772f00000, 0x00000007c0000000)
  eden space 65536K, 100% used [0x000000076ab00000,0x000000076eb00000,0x000000076eb00000)
  from space 10752K, 99% used [0x000000076eb00000,0x000000076f57de70,0x000000076f580000)
  to   space 10752K, 0% used [0x0000000772480000,0x0000000772480000,0x0000000772f00000)
 ParOldGen       total 125440K, used 53124K [0x00000006c0000000, 0x00000006c7a80000, 0x000000076ab00000)
  object space 125440K, 42% used [0x00000006c0000000,0x00000006c33e1140,0x00000006c7a80000)
 Metaspace       used 19954K, capacity 21192K, committed 21296K, reserved 1067008K
  class space    used 2898K, capacity 3155K, committed 3200K, reserved 1048576K
Event: 3.250 GC heap after
Heap after GC invocations=5 (full 1):
 PSYoungGen      total 124416K, used 10750K [0x000000076ab00000, 0x0000000773080000, 0x00000007c0000000)
  eden space 113664K, 0% used [0x000000076ab00000,0x000000076ab00000,0x0000000771a00000)
  from space 10752K, 99% used [0x0000000772480000,0x0000000772eff850,0x0000000772f00000)
  to   space 10752K, 0% used [0x0000000771a00000,0x0000000771a00000,0x0000000772480000)
 ParOldGen       total 125440K, used 93156K [0x00000006c0000000, 0x00000006c7a80000, 0x000000076ab00000)
  object space 125440K, 74% used [0x00000006c0000000,0x00000006c5af9170,0x00000006c7a80000)
 Metaspace       used 19954K, capacity 21192K, committed 21296K, reserved 1067008K
  class space    used 2898K, capacity 3155K, committed 3200K, reserved 1048576K
}
Event: 3.250 GC heap before
{Heap before GC invocations=6 (full 2):
 PSYoungGen      total 124416K, used 10750K [0x000000076ab00000, 0x0000000773080000, 0x00000007c0000000)
  eden space 113664K, 0% used [0x000000076ab00000,0x000000076ab00000,0x0000000771a00000)
  from space 10752K, 99% used [0x0000000772480000,0x0000000772eff850,0x0000000772f00000)
  to   space 10752K, 0% used [0x0000000771a00000,0x0000000771a00000,0x0000000772480000)
 ParOldGen       total 125440K, used 93156K [0x00000006c0000000, 0x00000006c7a80000, 0x000000076ab00000)
  object space 125440K, 74% used [0x00000006c0000000,0x00000006c5af9170,0x00000006c7a80000)
 Metaspace       used 19954K, capacity 21192K, committed 21296K, reserved 1067008K
  class space    used 2898K, capacity 3155K, committed 3200K, reserved 1048576K
Event: 3.459 GC heap after
Heap after GC invocations=6 (full 2):
 PSYoungGen      total 124416K, used 0K [0x000000076ab00000, 0x0000000773080000, 0x00000007c0000000)
  eden space 113664K, 0% used [0x000000076ab00000,0x000000076ab00000,0x0000000771a00000)
  from space 10752K, 0% used [0x0000000772480000,0x0000000772480000,0x0000000772f00000)
  to   space 10752K, 0% used [0x0000000771a00000,0x0000000771a00000,0x0000000772480000)
 ParOldGen       total 286208K, used 94206K [0x00000006c0000000, 0x00000006d1780000, 0x000000076ab00000)
  object space 286208K, 32% used [0x00000006c0000000,0x00000006c5bff9b8,0x00000006d1780000)
 Metaspace       used 19954K, capacity 21192K, committed 21296K, reserved 1067008K
  class space    used 2898K, capacity 3155K, committed 3200K, reserved 1048576K
}
Event: 3.788 GC heap before
{Heap before GC invocations=7 (full 2):
 PSYoungGen      total 124416K, used 113664K [0x000000076ab00000, 0x0000000773080000, 0x00000007c0000000)
  eden space 113664K, 100% used [0x000000076ab00000,0x0000000771a00000,0x0000000771a00000)
  from space 10752K, 0% used [0x0000000772480000,0x0000000772480000,0x0000000772f00000)
  to   space 10752K, 0% used [0x0000000771a00000,0x0000000771a00000,0x0000000772480000)
 ParOldGen       total 286208K, used 94206K [0x00000006c0000000, 0x00000006d1780000, 0x000000076ab00000)
  object space 286208K, 32% used [0x00000006c0000000,0x00000006c5bff9b8,0x00000006d1780000)
 Metaspace       used 19955K, capacity 21256K, committed 21552K, reserved 1067008K
  class space    used 2899K, capacity 3155K, committed 3200K, reserved 1048576K
Event: 3.830 GC heap after
Heap after GC invocations=7 (full 2):
 PSYoungGen      total 124416K, used 10730K [0x000000076ab00000, 0x000000077dc00000, 0x00000007c0000000)
  eden space 113664K, 0% used [0x000000076ab00000,0x000000076ab00000,0x0000000771a00000)
  from space 10752K, 99% used [0x0000000771a00000,0x000000077247ab00,0x0000000772480000)
  to   space 81408K, 0% used [0x0000000778c80000,0x0000000778c80000,0x000000077dc00000)
 ParOldGen       total 286208K, used 154222K [0x00000006c0000000, 0x00000006d1780000, 0x000000076ab00000)
  object space 286208K, 53% used [0x00000006c0000000,0x00000006c969b9b8,0x00000006d1780000)
 Metaspace       used 19955K, capacity 21256K, committed 21552K, reserved 1067008K
  class space    used 2899K, capacity 3155K, committed 3200K, reserved 1048576K
}
Event: 3.926 GC heap before
{Heap before GC invocations=8 (full 2):
 PSYoungGen      total 124416K, used 124394K [0x000000076ab00000, 0x000000077dc00000, 0x00000007c0000000)
  eden space 113664K, 100% used [0x000000076ab00000,0x0000000771a00000,0x0000000771a00000)
  from space 10752K, 99% used [0x0000000771a00000,0x000000077247ab00,0x0000000772480000)
  to   space 81408K, 0% used [0x0000000778c80000,0x0000000778c80000,0x000000077dc00000)
 ParOldGen       total 286208K, used 154222K [0x00000006c0000000, 0x00000006d1780000, 0x000000076ab00000)
  object space 286208K, 53% used [0x00000006c0000000,0x00000006c969b9b8,0x00000006d1780000)
 Metaspace       used 19955K, capacity 21256K, committed 21552K, reserved 1067008K
  class space    used 2899K, capacity 3155K, committed 3200K, reserved 1048576K
Event: 3.962 GC heap after
Heap after GC invocations=8 (full 2):
 PSYoungGen      total 222720K, used 65931K [0x000000076ab00000, 0x000000077f680000, 0x00000007c0000000)
  eden space 141312K, 0% used [0x000000076ab00000,0x000000076ab00000,0x0000000773500000)
  from space 81408K, 80% used [0x0000000778c80000,0x000000077cce2e68,0x000000077dc00000)
  to   space 89600K, 0% used [0x0000000773500000,0x0000000773500000,0x0000000778c80000)
 ParOldGen       total 286208K, used 154222K [0x00000006c0000000, 0x00000006d1780000, 0x000000076ab00000)
  object space 286208K, 53% used [0x00000006c0000000,0x00000006c969b9b8,0x00000006d1780000)
 Metaspace       used 19955K, capacity 21256K, committed 21552K, reserved 1067008K
  class space    used 2899K, capacity 3155K, committed 3200K, reserved 1048576K
}

Deoptimization events (10 events):
Event: 4.030 Thread 0x00007fe8d2037800 Uncommon trap: reason=unreached action=reinterpret pc=0x000000010c99bfbc method=java.lang.ref.ReferenceQueue.poll()Ljava/lang/ref/Reference; @ 4
Event: 4.030 Thread 0x00007fe8d2037800 Uncommon trap: reason=unreached action=reinterpret pc=0x000000010ca0e274 method=java.lang.ref.ReferenceQueue.poll()Ljava/lang/ref/Reference; @ 4
Event: 4.119 Thread 0x00007fe8d2037800 Uncommon trap: reason=unloaded action=reinterpret pc=0x000000010c8af4d0 method=java.util.ArrayList.rangeCheck(I)V @ 8
Event: 4.120 Thread 0x00007fe8d2037800 Uncommon trap: reason=bimorphic action=maybe_recompile pc=0x000000010cac2934 method=javafx.beans.property.BooleanPropertyBase.get()Z @ 23
Event: 4.120 Thread 0x00007fe8d2037800 Uncommon trap: reason=bimorphic action=maybe_recompile pc=0x000000010cac2934 method=javafx.beans.property.BooleanPropertyBase.get()Z @ 23
Event: 4.120 Thread 0x00007fe8d2037800 Uncommon trap: reason=bimorphic action=maybe_recompile pc=0x000000010cac2934 method=javafx.beans.property.BooleanPropertyBase.get()Z @ 23
Event: 4.120 Thread 0x00007fe8d2037800 Uncommon trap: reason=bimorphic action=maybe_recompile pc=0x000000010cac2934 method=javafx.beans.property.BooleanPropertyBase.get()Z @ 23
Event: 4.121 Thread 0x00007fe8d2037800 Uncommon trap: reason=bimorphic action=maybe_recompile pc=0x000000010cb9c99c method=com.sun.javafx.css.CompoundSelector.stateMatches(Ljavafx/css/Styleable;Ljava/util/Set;I)Z @ 160
Event: 4.131 Thread 0x00007fe8d2037800 Uncommon trap: reason=unloaded action=reinterpret pc=0x000000010c7694e4 method=java.util.ArrayList.rangeCheck(I)V @ 8
Event: 140.816 Thread 0x00007fe8d2037800 Uncommon trap: reason=unloaded action=reinterpret pc=0x000000010cdcbe04 method=java.util.Collections.unmodifiableList(Ljava/util/List;)Ljava/util/List; @ 18

Internal exceptions (10 events):
Event: 2.721 Thread 0x00007fe8d2037800 Exception <a 'java/security/PrivilegedActionException'> (0x000000076b034488) thrown at [/Users/java_re/workspace/8-2-build-macosx-x86_64/jdk8u31/2394/hotspot/src/share/vm/prims/jvm.cpp, line 1312]
Event: 2.725 Thread 0x00007fe8d2037800 Exception <a 'java/security/PrivilegedActionException'> (0x000000076b038d90) thrown at [/Users/java_re/workspace/8-2-build-macosx-x86_64/jdk8u31/2394/hotspot/src/share/vm/prims/jvm.cpp, line 1312]
Event: 2.727 Thread 0x00007fe8d2037800 Exception <a 'java/security/PrivilegedActionException'> (0x000000076b0421f0) thrown at [/Users/java_re/workspace/8-2-build-macosx-x86_64/jdk8u31/2394/hotspot/src/share/vm/prims/jvm.cpp, line 1312]
Event: 2.728 Thread 0x00007fe8d2037800 Exception <a 'java/security/PrivilegedActionException'> (0x000000076b04d3e0) thrown at [/Users/java_re/workspace/8-2-build-macosx-x86_64/jdk8u31/2394/hotspot/src/share/vm/prims/jvm.cpp, line 1312]
Event: 2.728 Thread 0x00007fe8d2037800 Exception <a 'java/security/PrivilegedActionException'> (0x000000076b051578) thrown at [/Users/java_re/workspace/8-2-build-macosx-x86_64/jdk8u31/2394/hotspot/src/share/vm/prims/jvm.cpp, line 1312]
Event: 2.732 Thread 0x00007fe8d2037800 Exception <a 'java/security/PrivilegedActionException'> (0x000000076b07ff00) thrown at [/Users/java_re/workspace/8-2-build-macosx-x86_64/jdk8u31/2394/hotspot/src/share/vm/prims/jvm.cpp, line 1312]
Event: 3.460 Thread 0x00007fe8d2004000 Exception <a 'java/net/SocketException': Socket closed> (0x000000076ad18788) thrown at [/Users/java_re/workspace/8-2-build-macosx-x86_64/jdk8u31/2394/hotspot/src/share/vm/prims/jni.cpp, line 742]
Event: 4.027 Thread 0x00007fe8d2037800 Exception <a 'java/lang/reflect/InvocationTargetException'> (0x0000000772128c68) thrown at [/Users/java_re/workspace/8-2-build-macosx-x86_64/jdk8u31/2394/hotspot/src/share/vm/runtime/reflection.cpp, line 1080]
Event: 4.027 Thread 0x00007fe8d2037800 Exception <a 'java/lang/RuntimeException'> (0x00000007721292f8) thrown at [/Users/java_re/workspace/8-2-build-macosx-x86_64/jdk8u31/2394/hotspot/src/share/vm/prims/jvm.cpp, line 1316]
Event: 4.131 Thread 0x00007fe8d2037800 Exception <a 'java/lang/IndexOutOfBoundsException'> (0x00000007726662f8) thrown at [/Users/java_re/workspace/8-2-build-macosx-x86_64/jdk8u31/2394/hotspot/src/share/vm/prims/jvm.cpp, line 1316]

Events (10 events):
Event: 143.206 Thread 0x00007fe8d30b3000 Thread exited: 0x00007fe8d30b3000
Event: 143.207 Thread 0x00007fe8d1006800 Thread exited: 0x00007fe8d1006800
Event: 143.207 Thread 0x00007fe8d2037800 Thread exited: 0x00007fe8d2037800
Event: 143.207 Thread 0x00007fe8d3006800 Thread exited: 0x00007fe8d3006800
Event: 143.207 Thread 0x00007fe8d1b3b800 Thread added: 0x00007fe8d1b3b800
Event: 143.207 loading class java/util/IdentityHashMap$KeyIterator
Event: 143.207 loading class java/util/IdentityHashMap$IdentityHashMapIterator
Event: 143.207 loading class java/util/IdentityHashMap$IdentityHashMapIterator done
Event: 143.207 loading class java/util/IdentityHashMap$KeyIterator done
Event: 143.207 Thread 0x00007fe8d1b3b800 Thread exited: 0x00007fe8d1b3b800


Dynamic libraries:
0x00000000090a8000 	/System/Library/Frameworks/Cocoa.framework/Versions/A/Cocoa
0x00000000090a8000 	/System/Library/Frameworks/Security.framework/Versions/A/Security
0x00000000090a8000 	/System/Library/Frameworks/ApplicationServices.framework/Versions/A/ApplicationServices
0x00000000090a8000 	/usr/lib/libz.1.dylib
0x00000000090a8000 	/usr/lib/libSystem.B.dylib
0x00000000090a8000 	/usr/lib/libobjc.A.dylib
0x00000000090a8000 	/System/Library/Frameworks/CoreFoundation.framework/Versions/A/CoreFoundation
0x00000000090a8000 	/System/Library/Frameworks/Foundation.framework/Versions/C/Foundation
0x00000000090a8000 	/System/Library/Frameworks/AppKit.framework/Versions/C/AppKit
0x00000000090a8000 	/System/Library/Frameworks/CoreData.framework/Versions/A/CoreData
0x00000000090a8000 	/System/Library/PrivateFrameworks/RemoteViewServices.framework/Versions/A/RemoteViewServices
0x00000000090a8000 	/System/Library/PrivateFrameworks/UIFoundation.framework/Versions/A/UIFoundation
0x00000000090a8000 	/usr/lib/libScreenReader.dylib
0x00000000090a8000 	/System/Library/Frameworks/Accelerate.framework/Versions/A/Accelerate
0x00000000090a8000 	/System/Library/Frameworks/IOSurface.framework/Versions/A/IOSurface
0x00000000090a8000 	/System/Library/Frameworks/AudioToolbox.framework/Versions/A/AudioToolbox
0x00000000090a8000 	/System/Library/Frameworks/AudioUnit.framework/Versions/A/AudioUnit
0x00000000090a8000 	/System/Library/PrivateFrameworks/DataDetectorsCore.framework/Versions/A/DataDetectorsCore
0x00000000090a8000 	/System/Library/PrivateFrameworks/DesktopServicesPriv.framework/Versions/A/DesktopServicesPriv
0x00000000090a8000 	/System/Library/Frameworks/Carbon.framework/Versions/A/Frameworks/HIToolbox.framework/Versions/A/HIToolbox
0x00000000090a8000 	/System/Library/Frameworks/QuartzCore.framework/Versions/A/QuartzCore
0x00000000090a8000 	/System/Library/Frameworks/Carbon.framework/Versions/A/Frameworks/SpeechRecognition.framework/Versions/A/SpeechRecognition
0x00000000090a8000 	/usr/lib/libauto.dylib
0x00000000090a8000 	/usr/lib/libicucore.A.dylib
0x00000000090a8000 	/usr/lib/libxml2.2.dylib
0x00000000090a8000 	/System/Library/PrivateFrameworks/CoreUI.framework/Versions/A/CoreUI
0x00000000090a8000 	/System/Library/Frameworks/CoreAudio.framework/Versions/A/CoreAudio
0x00000000090a8000 	/System/Library/Frameworks/DiskArbitration.framework/Versions/A/DiskArbitration
0x00000000090a8000 	/usr/lib/liblangid.dylib
0x00000000090a8000 	/System/Library/PrivateFrameworks/MultitouchSupport.framework/Versions/A/MultitouchSupport
0x00000000090a8000 	/System/Library/Frameworks/IOKit.framework/Versions/A/IOKit
0x00000000090a8000 	/usr/lib/libDiagnosticMessagesClient.dylib
0x00000000090a8000 	/System/Library/Frameworks/CoreServices.framework/Versions/A/CoreServices
0x00000000090a8000 	/System/Library/PrivateFrameworks/PerformanceAnalysis.framework/Versions/A/PerformanceAnalysis
0x00000000090a8000 	/System/Library/PrivateFrameworks/GenerationalStorage.framework/Versions/A/GenerationalStorage
0x00000000090a8000 	/System/Library/Frameworks/OpenGL.framework/Versions/A/OpenGL
0x00000000090a8000 	/System/Library/PrivateFrameworks/Sharing.framework/Versions/A/Sharing
0x00000000090a8000 	/System/Library/Frameworks/CoreGraphics.framework/Versions/A/CoreGraphics
0x00000000090a8000 	/System/Library/Frameworks/CoreImage.framework/Versions/A/CoreImage
0x00000000090a8000 	/System/Library/Frameworks/CoreText.framework/Versions/A/CoreText
0x00000000090a8000 	/System/Library/Frameworks/ImageIO.framework/Versions/A/ImageIO
0x00000000090a8000 	/System/Library/PrivateFrameworks/Backup.framework/Versions/A/Backup
0x00000000090a8000 	/usr/lib/libextension.dylib
0x00000000090a8000 	/usr/lib/libarchive.2.dylib
0x00000000090a8000 	/System/Library/Frameworks/CFNetwork.framework/Versions/A/CFNetwork
0x00000000090a8000 	/System/Library/Frameworks/SystemConfiguration.framework/Versions/A/SystemConfiguration
0x00000000090a8000 	/usr/lib/libCRFSuite.dylib
0x00000000090a8000 	/usr/lib/libc++.1.dylib
0x00000000090a8000 	/usr/lib/libc++abi.dylib
0x00000000090a8000 	/usr/lib/system/libcache.dylib
0x00000000090a8000 	/usr/lib/system/libcommonCrypto.dylib
0x00000000090a8000 	/usr/lib/system/libcompiler_rt.dylib
0x00000000090a8000 	/usr/lib/system/libcopyfile.dylib
0x00000000090a8000 	/usr/lib/system/libcorecrypto.dylib
0x00000000090a8000 	/usr/lib/system/libdispatch.dylib
0x00000000090a8000 	/usr/lib/system/libdyld.dylib
0x00000000090a8000 	/usr/lib/system/libkeymgr.dylib
0x00000000090a8000 	/usr/lib/system/liblaunch.dylib
0x00000000090a8000 	/usr/lib/system/libmacho.dylib
0x00000000090a8000 	/usr/lib/system/libquarantine.dylib
0x00000000090a8000 	/usr/lib/system/libremovefile.dylib
0x00000000090a8000 	/usr/lib/system/libsystem_asl.dylib
0x00000000090a8000 	/usr/lib/system/libsystem_blocks.dylib
0x00000000090a8000 	/usr/lib/system/libsystem_c.dylib
0x00000000090a8000 	/usr/lib/system/libsystem_configuration.dylib
0x00000000090a8000 	/usr/lib/system/libsystem_coreservices.dylib
0x00000000090a8000 	/usr/lib/system/libsystem_coretls.dylib
0x00000000090a8000 	/usr/lib/system/libsystem_dnssd.dylib
0x00000000090a8000 	/usr/lib/system/libsystem_info.dylib
0x00000000090a8000 	/usr/lib/system/libsystem_kernel.dylib
0x00000000090a8000 	/usr/lib/system/libsystem_m.dylib
0x00000000090a8000 	/usr/lib/system/libsystem_malloc.dylib
0x00000000090a8000 	/usr/lib/system/libsystem_network.dylib
0x00000000090a8000 	/usr/lib/system/libsystem_networkextension.dylib
0x00000000090a8000 	/usr/lib/system/libsystem_notify.dylib
0x00000000090a8000 	/usr/lib/system/libsystem_platform.dylib
0x00000000090a8000 	/usr/lib/system/libsystem_pthread.dylib
0x00000000090a8000 	/usr/lib/system/libsystem_sandbox.dylib
0x00000000090a8000 	/usr/lib/system/libsystem_secinit.dylib
0x00000000090a8000 	/usr/lib/system/libsystem_trace.dylib
0x00000000090a8000 	/usr/lib/system/libunc.dylib
0x00000000090a8000 	/usr/lib/system/libunwind.dylib
0x00000000090a8000 	/usr/lib/system/libxpc.dylib
0x00000000090a8000 	/usr/lib/libenergytrace.dylib
0x00000000090a8000 	/usr/lib/libbsm.0.dylib
0x00000000090a8000 	/usr/lib/system/libkxld.dylib
0x00000000090a8000 	/usr/lib/libxar.1.dylib
0x00000000090a8000 	/usr/lib/libsqlite3.dylib
0x00000000090a8000 	/usr/lib/libpam.2.dylib
0x00000000090a8000 	/usr/lib/libOpenScriptingUtil.dylib
0x00000000090a8000 	/usr/lib/libbz2.1.0.dylib
0x00000000090a8000 	/usr/lib/liblzma.5.dylib
0x00000000090a8000 	/System/Library/Frameworks/CoreServices.framework/Versions/A/Frameworks/FSEvents.framework/Versions/A/FSEvents
0x00000000090a8000 	/System/Library/Frameworks/CoreServices.framework/Versions/A/Frameworks/CarbonCore.framework/Versions/A/CarbonCore
0x00000000090a8000 	/System/Library/Frameworks/CoreServices.framework/Versions/A/Frameworks/Metadata.framework/Versions/A/Metadata
0x00000000090a8000 	/System/Library/Frameworks/CoreServices.framework/Versions/A/Frameworks/OSServices.framework/Versions/A/OSServices
0x00000000090a8000 	/System/Library/Frameworks/CoreServices.framework/Versions/A/Frameworks/SearchKit.framework/Versions/A/SearchKit
0x00000000090a8000 	/System/Library/Frameworks/CoreServices.framework/Versions/A/Frameworks/AE.framework/Versions/A/AE
0x00000000090a8000 	/System/Library/Frameworks/CoreServices.framework/Versions/A/Frameworks/LaunchServices.framework/Versions/A/LaunchServices
0x00000000090a8000 	/System/Library/Frameworks/CoreServices.framework/Versions/A/Frameworks/DictionaryServices.framework/Versions/A/DictionaryServices
0x00000000090a8000 	/System/Library/Frameworks/CoreServices.framework/Versions/A/Frameworks/SharedFileList.framework/Versions/A/SharedFileList
0x00000000090a8000 	/System/Library/Frameworks/NetFS.framework/Versions/A/NetFS
0x00000000090a8000 	/System/Library/PrivateFrameworks/NetAuth.framework/Versions/A/NetAuth
0x00000000090a8000 	/System/Library/PrivateFrameworks/login.framework/Versions/A/Frameworks/loginsupport.framework/Versions/A/loginsupport
0x00000000090a8000 	/System/Library/PrivateFrameworks/TCC.framework/Versions/A/TCC
0x00000000090a8000 	/usr/lib/libmecabra.dylib
0x00000000090a8000 	/System/Library/Frameworks/ApplicationServices.framework/Versions/A/Frameworks/ATS.framework/Versions/A/ATS
0x00000000090a8000 	/System/Library/Frameworks/ApplicationServices.framework/Versions/A/Frameworks/ColorSync.framework/Versions/A/ColorSync
0x00000000090a8000 	/System/Library/Frameworks/ApplicationServices.framework/Versions/A/Frameworks/HIServices.framework/Versions/A/HIServices
0x00000000090a8000 	/System/Library/Frameworks/ApplicationServices.framework/Versions/A/Frameworks/LangAnalysis.framework/Versions/A/LangAnalysis
0x00000000090a8000 	/System/Library/Frameworks/ApplicationServices.framework/Versions/A/Frameworks/PrintCore.framework/Versions/A/PrintCore
0x00000000090a8000 	/System/Library/Frameworks/ApplicationServices.framework/Versions/A/Frameworks/QD.framework/Versions/A/QD
0x00000000090a8000 	/System/Library/Frameworks/ApplicationServices.framework/Versions/A/Frameworks/SpeechSynthesis.framework/Versions/A/SpeechSynthesis
0x00000000090a8000 	/System/Library/Frameworks/Metal.framework/Versions/A/Metal
0x00000000090a8000 	/System/Library/Frameworks/Accelerate.framework/Versions/A/Frameworks/vImage.framework/Versions/A/vImage
0x00000000090a8000 	/System/Library/Frameworks/Accelerate.framework/Versions/A/Frameworks/vecLib.framework/Versions/A/vecLib
0x00000000090a8000 	/System/Library/Frameworks/Accelerate.framework/Versions/A/Frameworks/vecLib.framework/Versions/A/libvDSP.dylib
0x00000000090a8000 	/System/Library/Frameworks/Accelerate.framework/Versions/A/Frameworks/vecLib.framework/Versions/A/libvMisc.dylib
0x00000000090a8000 	/System/Library/Frameworks/Accelerate.framework/Versions/A/Frameworks/vecLib.framework/Versions/A/libLAPACK.dylib
0x00000000090a8000 	/System/Library/Frameworks/Accelerate.framework/Versions/A/Frameworks/vecLib.framework/Versions/A/libBLAS.dylib
0x00000000090a8000 	/System/Library/Frameworks/Accelerate.framework/Versions/A/Frameworks/vecLib.framework/Versions/A/libLinearAlgebra.dylib
0x00000000090a8000 	/System/Library/Frameworks/Accelerate.framework/Versions/A/Frameworks/vecLib.framework/Versions/A/libSparseBLAS.dylib
0x00000000090a8000 	/System/Library/PrivateFrameworks/GPUCompiler.framework/libmetal_timestamp.dylib
0x00000000090a8000 	/System/Library/Frameworks/OpenGL.framework/Versions/A/Libraries/libCoreFSCache.dylib
0x00000000090a8000 	/System/Library/PrivateFrameworks/IOAccelerator.framework/Versions/A/IOAccelerator
0x00000000090a8000 	/System/Library/Frameworks/ApplicationServices.framework/Versions/A/Frameworks/ATS.framework/Versions/A/Resources/libFontParser.dylib
0x00000000090a8000 	/System/Library/Frameworks/ApplicationServices.framework/Versions/A/Frameworks/ATS.framework/Versions/A/Resources/libFontRegistry.dylib
0x00000000090a8000 	/System/Library/PrivateFrameworks/AppleVPA.framework/Versions/A/AppleVPA
0x00000000090a8000 	/System/Library/PrivateFrameworks/AppleJPEG.framework/Versions/A/AppleJPEG
0x00000000090a8000 	/System/Library/Frameworks/ImageIO.framework/Versions/A/Resources/libJPEG.dylib
0x00000000090a8000 	/System/Library/Frameworks/ImageIO.framework/Versions/A/Resources/libTIFF.dylib
0x00000000090a8000 	/System/Library/Frameworks/ImageIO.framework/Versions/A/Resources/libPng.dylib
0x00000000090a8000 	/System/Library/Frameworks/ImageIO.framework/Versions/A/Resources/libGIF.dylib
0x00000000090a8000 	/System/Library/Frameworks/ImageIO.framework/Versions/A/Resources/libJP2.dylib
0x00000000090a8000 	/System/Library/Frameworks/ImageIO.framework/Versions/A/Resources/libRadiance.dylib
0x00000000090a8000 	/System/Library/Frameworks/CoreVideo.framework/Versions/A/CoreVideo
0x00000000090a8000 	/System/Library/Frameworks/OpenGL.framework/Versions/A/Libraries/libGLU.dylib
0x00000000090a8000 	/System/Library/Frameworks/OpenGL.framework/Versions/A/Libraries/libGFXShared.dylib
0x00000000090a8000 	/System/Library/Frameworks/OpenGL.framework/Versions/A/Libraries/libGL.dylib
0x00000000090a8000 	/System/Library/Frameworks/OpenGL.framework/Versions/A/Libraries/libGLImage.dylib
0x00000000090a8000 	/System/Library/Frameworks/OpenGL.framework/Versions/A/Libraries/libCVMSPluginSupport.dylib
0x00000000090a8000 	/System/Library/Frameworks/OpenGL.framework/Versions/A/Libraries/libCoreVMClient.dylib
0x00000000090a8000 	/usr/lib/libcups.2.dylib
0x00000000090a8000 	/System/Library/Frameworks/Kerberos.framework/Versions/A/Kerberos
0x00000000090a8000 	/System/Library/Frameworks/GSS.framework/Versions/A/GSS
0x00000000090a8000 	/usr/lib/libresolv.9.dylib
0x00000000090a8000 	/usr/lib/libiconv.2.dylib
0x00000000090a8000 	/System/Library/PrivateFrameworks/Heimdal.framework/Versions/A/Heimdal
0x00000000090a8000 	/usr/lib/libheimdal-asn1.dylib
0x00000000090a8000 	/System/Library/Frameworks/OpenDirectory.framework/Versions/A/OpenDirectory
0x00000000090a8000 	/System/Library/PrivateFrameworks/CommonAuth.framework/Versions/A/CommonAuth
0x00000000090a8000 	/System/Library/Frameworks/OpenDirectory.framework/Versions/A/Frameworks/CFOpenDirectory.framework/Versions/A/CFOpenDirectory
0x00000000090a8000 	/System/Library/Frameworks/SecurityFoundation.framework/Versions/A/SecurityFoundation
0x00000000090a8000 	/System/Library/PrivateFrameworks/LanguageModeling.framework/Versions/A/LanguageModeling
0x00000000090a8000 	/usr/lib/libmarisa.dylib
0x00000000090a8000 	/usr/lib/libChineseTokenizer.dylib
0x00000000090a8000 	/usr/lib/libcmph.dylib
0x00000000090a8000 	/usr/lib/libcompression.dylib
0x00000000090a8000 	/System/Library/Frameworks/ServiceManagement.framework/Versions/A/ServiceManagement
0x00000000090a8000 	/usr/lib/libxslt.1.dylib
0x00000000090a8000 	/System/Library/Frameworks/Carbon.framework/Versions/A/Frameworks/Ink.framework/Versions/A/Ink
0x00000000090a8000 	/usr/lib/libFosl_dynamic.dylib
0x00000000090a8000 	/System/Library/PrivateFrameworks/FaceCore.framework/Versions/A/FaceCore
0x00000000090a8000 	/System/Library/Frameworks/OpenCL.framework/Versions/A/OpenCL
0x00000000090a8000 	/System/Library/PrivateFrameworks/CrashReporterSupport.framework/Versions/A/CrashReporterSupport
0x00000000090a8000 	/System/Library/PrivateFrameworks/IconServices.framework/Versions/A/IconServices
0x00000000090a8000 	/System/Library/PrivateFrameworks/Apple80211.framework/Versions/A/Apple80211
0x00000000090a8000 	/System/Library/Frameworks/CoreWLAN.framework/Versions/A/CoreWLAN
0x00000000090a8000 	/System/Library/Frameworks/IOBluetooth.framework/Versions/A/IOBluetooth
0x00000000090a8000 	/System/Library/PrivateFrameworks/CoreWiFi.framework/Versions/A/CoreWiFi
0x00000000090a8000 	/System/Library/Frameworks/CoreBluetooth.framework/Versions/A/CoreBluetooth
0x00000000090a8000 	/System/Library/PrivateFrameworks/ChunkingLibrary.framework/Versions/A/ChunkingLibrary
0x00000000090a8000 	/System/Library/PrivateFrameworks/DebugSymbols.framework/Versions/A/DebugSymbols
0x00000000090a8000 	/System/Library/PrivateFrameworks/CoreSymbolication.framework/Versions/A/CoreSymbolication
0x00000000090a8000 	/System/Library/PrivateFrameworks/Symbolication.framework/Versions/A/Symbolication
0x00000000090a8000 	/System/Library/PrivateFrameworks/SpeechRecognitionCore.framework/Versions/A/SpeechRecognitionCore
0x000000010b600000 	/Library/Java/JavaVirtualMachines/jdk1.8.0_31.jdk/Contents/Home/jre/lib/server/libjvm.dylib
0x00000000090a8000 	/usr/lib/libstdc++.6.dylib
0x000000010a42d000 	/Library/Java/JavaVirtualMachines/jdk1.8.0_31.jdk/Contents/Home/jre/lib/libverify.dylib
0x000000010a43b000 	/Library/Java/JavaVirtualMachines/jdk1.8.0_31.jdk/Contents/Home/jre/lib/libjava.dylib
0x000000010a479000 	/Library/Java/JavaVirtualMachines/jdk1.8.0_31.jdk/Contents/Home/jre/lib/libzip.dylib
0x0000000127469000 	/System/Library/Frameworks/JavaVM.framework/Frameworks/JavaRuntimeSupport.framework/JavaRuntimeSupport
0x0000000127484000 	/System/Library/Frameworks/JavaVM.framework/Versions/A/Frameworks/JavaNativeFoundation.framework/Versions/A/JavaNativeFoundation
0x000000010a5ec000 	/System/Library/Frameworks/JavaVM.framework/Versions/A/JavaVM
0x00000000090a8000 	/System/Library/Frameworks/Carbon.framework/Versions/A/Carbon
0x0000000127499000 	/System/Library/PrivateFrameworks/JavaLaunching.framework/Versions/A/JavaLaunching
0x00000000090a8000 	/System/Library/Frameworks/Carbon.framework/Versions/A/Frameworks/CommonPanels.framework/Versions/A/CommonPanels
0x00000000090a8000 	/System/Library/Frameworks/Carbon.framework/Versions/A/Frameworks/Help.framework/Versions/A/Help
0x00000000090a8000 	/System/Library/Frameworks/Carbon.framework/Versions/A/Frameworks/ImageCapture.framework/Versions/A/ImageCapture
0x00000000090a8000 	/System/Library/Frameworks/Carbon.framework/Versions/A/Frameworks/OpenScripting.framework/Versions/A/OpenScripting
0x00000000090a8000 	/System/Library/Frameworks/Carbon.framework/Versions/A/Frameworks/Print.framework/Versions/A/Print
0x00000000090a8000 	/System/Library/Frameworks/Carbon.framework/Versions/A/Frameworks/SecurityHI.framework/Versions/A/SecurityHI
0x0000000128e7c000 	/Library/Java/JavaVirtualMachines/jdk1.8.0_31.jdk/Contents/Home/jre/lib/libprism_es2.dylib
0x00000000090a8000 	/System/Library/Frameworks/OpenGL.framework/Versions/A/Resources/GLEngine.bundle/GLEngine
0x00000000090a8000 	/System/Library/Frameworks/OpenGL.framework/Versions/A/Libraries/libGLProgrammability.dylib
0x0000000128efd000 	/System/Library/Extensions/AppleIntelHD5000GraphicsGLDriver.bundle/Contents/MacOS/AppleIntelHD5000GraphicsGLDriver
0x00000000090a8000 	/System/Library/PrivateFrameworks/GPUSupport.framework/Versions/A/Libraries/libGPUSupportMercury.dylib
0x00000000090a8000 	/System/Library/Frameworks/OpenGL.framework/Versions/A/Resources/GLRendererFloat.bundle/GLRendererFloat
0x00000000090a8000 	/System/Library/Frameworks/OpenCL.framework/Versions/A/Libraries/libcldcpuengine.dylib
0x00000000090a8000 	/System/Library/PrivateFrameworks/DiskImages.framework/Versions/A/DiskImages
0x00000000090a8000 	/System/Library/Frameworks/DiscRecording.framework/Versions/A/DiscRecording
0x00000000090a8000 	/usr/lib/libcsfde.dylib
0x00000000090a8000 	/usr/lib/libcurl.4.dylib
0x00000000090a8000 	/System/Library/PrivateFrameworks/MediaKit.framework/Versions/A/MediaKit
0x00000000090a8000 	/System/Library/PrivateFrameworks/ProtectedCloudStorage.framework/Versions/A/ProtectedCloudStorage
0x00000000090a8000 	/usr/lib/libCoreStorage.dylib
0x00000000090a8000 	/System/Library/PrivateFrameworks/EFILogin.framework/Versions/A/EFILogin
0x00000000090a8000 	/usr/lib/libutil.dylib
0x00000000090a8000 	/System/Library/PrivateFrameworks/FindMyDevice.framework/Versions/A/FindMyDevice
0x00000000090a8000 	/System/Library/Frameworks/LDAP.framework/Versions/A/LDAP
0x00000000090a8000 	/usr/lib/libsasl2.2.dylib
0x00000000090a8000 	/System/Library/PrivateFrameworks/CoreDaemon.framework/Versions/B/CoreDaemon
0x00000000090a8000 	/usr/lib/libcrypto.0.9.8.dylib
0x00000000090a8000 	/System/Library/PrivateFrameworks/AppleSRP.framework/Versions/A/AppleSRP
0x00000000090a8000 	/System/Library/PrivateFrameworks/TrustEvaluationAgent.framework/Versions/A/TrustEvaluationAgent
0x0000000129a7f000 	/Library/Java/JavaVirtualMachines/jdk1.8.0_31.jdk/Contents/Home/jre/lib/libglass.dylib
0x00000000090a8000 	/System/Library/PrivateFrameworks/CoreServicesInternal.framework/Versions/A/CoreServicesInternal
0x00000000090a8000 	/System/Library/CoreServices/RawCamera.bundle/Contents/MacOS/RawCamera
0x00000000090a8000 	/System/Library/Frameworks/CoreGraphics.framework/Versions/A/Resources/libRIP.A.dylib
0x00000000090a8000 	/System/Library/Frameworks/Accelerate.framework/Versions/A/Frameworks/vImage.framework/Versions/A/Libraries/libCGInterfaces.dylib
0x00000000090a8000 	/System/Library/PrivateFrameworks/FamilyControls.framework/Versions/A/FamilyControls
0x00000000090a8000 	/System/Library/PrivateFrameworks/CommerceKit.framework/Versions/A/Frameworks/CommerceCore.framework/Versions/A/CommerceCore
0x00000000090a8000 	/System/Library/PrivateFrameworks/SystemAdministration.framework/Versions/A/SystemAdministration
0x00000000090a8000 	/System/Library/PrivateFrameworks/AppContainer.framework/Versions/A/AppContainer
0x00000000090a8000 	/System/Library/PrivateFrameworks/SecCodeWrapper.framework/Versions/A/SecCodeWrapper
0x00000000090a8000 	/System/Library/Frameworks/DirectoryService.framework/Versions/A/DirectoryService
0x00000000090a8000 	/System/Library/PrivateFrameworks/LoginUIKit.framework/Versions/A/Frameworks/LoginUICore.framework/Versions/A/LoginUICore
0x00000000090a8000 	/usr/lib/libodfde.dylib
0x000000012cb72000 	/Library/Java/JavaVirtualMachines/jdk1.8.0_31.jdk/Contents/Home/jre/lib/libjavafx_font.dylib
0x00000000090a8000 	/System/Library/Frameworks/CoreGraphics.framework/Versions/A/Resources/libCGXType.A.dylib
0x000000012ab9d000 	cl_kernels
0x00000000090a8000 	/System/Library/Frameworks/OpenCL.framework/Versions/A/Libraries/ImageFormats/unorm8_bgra.dylib
0x00000000090a8000 	/System/Library/Frameworks/OpenCL.framework/Versions/A/Libraries/ImageFormats/unorm8_rgba.dylib
0x000000012ab8b000 	/Library/Java/JavaVirtualMachines/jdk1.8.0_31.jdk/Contents/Home/jre/lib/libprism_common.dylib
0x0000000130e47000 	/System/Library/Extensions/AppleIntelHD5000GraphicsMTLDriver.bundle/Contents/MacOS/AppleIntelHD5000GraphicsMTLDriver
0x000000012cd3c000 	/Library/Java/JavaVirtualMachines/jdk1.8.0_31.jdk/Contents/Home/jre/lib/libnet.dylib

VM Arguments:
jvm_args: -Dfile.encoding=UTF-8 
java_command: application.Main
java_class_path (initial): /Users/Benedikt/Desktop/Schule/GitHub/fussballverein/bin:/Users/Benedikt/Library/sonstiges/postgresql-9.4.1208.jre6.jar
Launcher Type: SUN_STANDARD

Environment Variables:
PATH=/usr/bin:/bin:/usr/sbin:/sbin
SHELL=/bin/bash

Signal Handlers:
SIGSEGV: [libjvm.dylib+0x57a0e7], sa_mask[0]=11111111011111110111111111111111, sa_flags=SA_ONSTACK|SA_RESTART|SA_SIGINFO
SIGBUS: [libjvm.dylib+0x57a0e7], sa_mask[0]=11111111011111110111111111111111, sa_flags=SA_RESTART|SA_SIGINFO
SIGFPE: [libjvm.dylib+0x45af24], sa_mask[0]=11111111011111110111111111111111, sa_flags=SA_RESTART|SA_SIGINFO
SIGPIPE: [libjvm.dylib+0x45af24], sa_mask[0]=11111111011111110111111111111111, sa_flags=SA_RESTART|SA_SIGINFO
SIGXFSZ: [libjvm.dylib+0x45af24], sa_mask[0]=11111111011111110111111111111111, sa_flags=SA_RESTART|SA_SIGINFO
SIGILL: [libjvm.dylib+0x45af24], sa_mask[0]=11111111011111110111111111111111, sa_flags=SA_RESTART|SA_SIGINFO
SIGUSR1: SIG_DFL, sa_mask[0]=00000000000000000000000000000000, sa_flags=none
SIGUSR2: [libjvm.dylib+0x45aa42], sa_mask[0]=00100000000000000000000000000000, sa_flags=SA_RESTART|SA_SIGINFO
SIGHUP: [libjvm.dylib+0x459015], sa_mask[0]=11111111011111110111111111111111, sa_flags=SA_RESTART|SA_SIGINFO
SIGINT: [libjvm.dylib+0x459015], sa_mask[0]=11111111011111110111111111111111, sa_flags=SA_RESTART|SA_SIGINFO
SIGTERM: [libjvm.dylib+0x459015], sa_mask[0]=11111111011111110111111111111111, sa_flags=SA_RESTART|SA_SIGINFO
SIGQUIT: [libjvm.dylib+0x459015], sa_mask[0]=11111111011111110111111111111111, sa_flags=SA_RESTART|SA_SIGINFO


---------------  S Y S T E M  ---------------

OS:Bsduname:Darwin 15.4.0 Darwin Kernel Version 15.4.0: Fri Feb 26 22:08:05 PST 2016; root:xnu-3248.40.184~3/RELEASE_X86_64 x86_64
rlimit: STACK 8192k, CORE 0k, NPROC 709, NOFILE 10240, AS infinity
load average:2.09 2.08 2.06

CPU:total 8 (4 cores per cpu, 2 threads per core) family 6 model 70 stepping 1, cmov, cx8, fxsr, mmx, sse, sse2, sse3, ssse3, sse4.1, sse4.2, popcnt, avx, avx2, aes, clmul, erms, lzcnt, ht, tsc, tscinvbit, bmi1, bmi2

Memory: 4k page, physical 16777216k(863984k free)

/proc/meminfo:


vm_info: Java HotSpot(TM) 64-Bit Server VM (25.31-b07) for bsd-amd64 JRE (1.8.0_31-b13), built on Dec 17 2014 20:45:36 by "java_re" with gcc 4.2.1 (Based on Apple Inc. build 5658) (LLVM build 2336.11.00)

time: Sun Apr 17 16:01:39 2016
elapsed time: 143 seconds (0d 0h 2m 23s)

